\BOOKMARK [0][-]{chapter.1}{\376\377\000I\000n\000t\000r\000o\000d\000u\000c\000t\000i\000o\000n}{}% 1
\BOOKMARK [0][-]{chapter.2}{\376\377\000P\000u\000r\000p\000o\000s\000e\000\040\000a\000n\000d\000\040\000s\000c\000o\000p\000e}{}% 2
\BOOKMARK [0][-]{chapter.3}{\376\377\000I\000n\000g\000e\000s\000t\000i\000o\000n\000\040\000m\000o\000d\000u\000l\000e\000s}{}% 3
\BOOKMARK [1][-]{section.3.1}{\376\377\000I\000n\000g\000e\000s\000t\000i\000o\000n\000\040\000m\000o\000d\000u\000l\000e\000\040\000f\000o\000r\000\040\000t\000h\000e\000\040\000M\000P\000L\000\137\000N\000P\000P\000F\000\040\000f\000i\000l\000e}{chapter.3}% 4
\BOOKMARK [2][-]{subsection.3.1.1}{\376\377\000I\000n\000g\000e\000s\000t\000i\000o\000n\000\040\000d\000e\000t\000a\000i\000l\000s}{section.3.1}% 5
\BOOKMARK [3][-]{subsubsection.3.1.1.1}{\376\377\000C\000o\000r\000r\000e\000c\000t\000i\000o\000n\000\040\000o\000f\000\040\000t\000h\000e\000\040\000g\000e\000n\000e\000r\000a\000t\000i\000o\000n\000\040\000t\000i\000m\000e}{subsection.3.1.1}% 6
\BOOKMARK [1][-]{section.3.2}{\376\377\000I\000n\000g\000e\000s\000t\000i\000o\000n\000\040\000m\000o\000d\000u\000l\000e\000\040\000f\000o\000r\000\040\000t\000h\000e\000\040\000M\000P\000L\000\137\000O\000R\000B\000P\000R\000E\000\040\000f\000i\000l\000e}{chapter.3}% 7
\BOOKMARK [2][-]{subsection.3.2.1}{\376\377\000I\000n\000g\000e\000s\000t\000i\000o\000n\000\040\000d\000e\000t\000a\000i\000l\000s}{section.3.2}% 8
\BOOKMARK [3][-]{subsubsection.3.2.1.1}{\376\377\000A\000l\000g\000o\000r\000i\000t\000h\000m\000\040\000t\000o\000\040\000c\000o\000r\000r\000e\000c\000t\000\040\000t\000h\000e\000\040\000t\000i\000m\000i\000n\000g\000\040\000o\000f\000\040\000t\000h\000e\000\040\000p\000l\000a\000n\000n\000i\000n\000g\000\040\000e\000v\000e\000n\000t\000s}{subsection.3.2.1}% 9
\BOOKMARK [3][-]{subsubsection.3.2.1.2}{\376\377\000C\000o\000r\000r\000e\000c\000t\000i\000o\000n\000\040\000o\000f\000\040\000t\000h\000e\000\040\000g\000e\000n\000e\000r\000a\000t\000i\000o\000n\000\040\000t\000i\000m\000e}{subsection.3.2.1}% 10
\BOOKMARK [1][-]{section.3.3}{\376\377\000I\000n\000g\000e\000s\000t\000i\000o\000n\000\040\000m\000o\000d\000u\000l\000e\000\040\000f\000o\000r\000\040\000t\000h\000e\000\040\000M\000P\000L\000\137\000S\000P\000\040\000f\000i\000l\000e}{chapter.3}% 11
\BOOKMARK [2][-]{subsection.3.3.1}{\376\377\000I\000n\000g\000e\000s\000t\000i\000o\000n\000\040\000d\000e\000t\000a\000i\000l\000s}{section.3.3}% 12
\BOOKMARK [3][-]{subsubsection.3.3.1.1}{\376\377\000C\000o\000r\000r\000e\000c\000t\000i\000o\000n\000\040\000o\000f\000\040\000t\000h\000e\000\040\000g\000e\000n\000e\000r\000a\000t\000i\000o\000n\000\040\000t\000i\000m\000e}{subsection.3.3.1}% 13
\BOOKMARK [1][-]{section.3.4}{\376\377\000I\000n\000g\000e\000s\000t\000i\000o\000n\000\040\000m\000o\000d\000u\000l\000e\000\040\000f\000o\000r\000\040\000t\000h\000e\000\040\000M\000P\000L\000\137\000F\000S\000\040\000f\000i\000l\000e}{chapter.3}% 14
\BOOKMARK [2][-]{subsection.3.4.1}{\376\377\000I\000n\000g\000e\000s\000t\000i\000o\000n\000\040\000d\000e\000t\000a\000i\000l\000s}{section.3.4}% 15
\BOOKMARK [3][-]{subsubsection.3.4.1.1}{\376\377\000C\000o\000r\000r\000e\000c\000t\000i\000o\000n\000\040\000o\000f\000\040\000t\000h\000e\000\040\000g\000e\000n\000e\000r\000a\000t\000i\000o\000n\000\040\000t\000i\000m\000e}{subsection.3.4.1}% 16
\BOOKMARK [1][-]{section.3.5}{\376\377\000I\000n\000g\000e\000s\000t\000i\000o\000n\000\040\000m\000o\000d\000u\000l\000e\000\040\000f\000o\000r\000\040\000t\000h\000e\000\040\000S\000R\000A\000\040\000f\000i\000l\000e}{chapter.3}% 17
\BOOKMARK [2][-]{subsection.3.5.1}{\376\377\000I\000n\000g\000e\000s\000t\000i\000o\000n\000\040\000d\000e\000t\000a\000i\000l\000s}{section.3.5}% 18
\BOOKMARK [3][-]{subsubsection.3.5.1.1}{\376\377\000C\000o\000r\000r\000e\000c\000t\000i\000o\000n\000\040\000o\000f\000\040\000t\000h\000e\000\040\000g\000e\000n\000e\000r\000a\000t\000i\000o\000n\000\040\000t\000i\000m\000e}{subsection.3.5.1}% 19
\BOOKMARK [1][-]{section.3.6}{\376\377\000I\000n\000g\000e\000s\000t\000i\000o\000n\000\040\000m\000o\000d\000u\000l\000e\000\040\000f\000o\000r\000\040\000t\000h\000e\000\040\000R\000E\000P\000\137\000P\000A\000S\000S\000\137\000[\0002\000|\0005\000]\000\040\000f\000i\000l\000e}{chapter.3}% 20
\BOOKMARK [1][-]{section.3.7}{\376\377\000I\000n\000g\000e\000s\000t\000i\000o\000n\000\040\000m\000o\000d\000u\000l\000e\000\040\000f\000o\000r\000\040\000t\000h\000e\000\040\000R\000E\000P\000\137\000P\000A\000S\000S\000\137\000E\000\040\000f\000i\000l\000e}{chapter.3}% 21
\BOOKMARK [1][-]{section.3.8}{\376\377\000I\000n\000g\000e\000s\000t\000i\000o\000n\000\040\000m\000o\000d\000u\000l\000e\000\040\000f\000o\000r\000\040\000t\000h\000e\000\040\000O\000P\000H\000K\000T\000M\000\040\000f\000i\000l\000e}{chapter.3}% 22
\BOOKMARK [1][-]{section.3.9}{\376\377\000I\000n\000g\000e\000s\000t\000i\000o\000n\000\040\000m\000o\000d\000u\000l\000e\000\040\000f\000o\000r\000\040\000t\000h\000e\000\040\000T\000L\000M\000\137\000R\000E\000Q\000\137\000B\000\040\000f\000i\000l\000e\000s}{chapter.3}% 23
\BOOKMARK [0][-]{chapter.4}{\376\377\000I\000n\000g\000e\000s\000t\000i\000o\000n\000\040\000m\000o\000d\000u\000l\000e\000s\000\040\000c\000o\000d\000e\000\040\000d\000o\000c\000u\000m\000e\000n\000t\000a\000t\000i\000o\000n}{}% 24
\BOOKMARK [1][-]{section.4.1}{\376\377\000S\000u\000b\000p\000a\000c\000k\000a\000g\000e\000s}{chapter.4}% 25
\BOOKMARK [2][-]{subsection.4.1.1}{\376\377\000s\0002\000b\000o\000a\000.\000i\000n\000g\000e\000s\000t\000i\000o\000n\000s\000\040\000p\000a\000c\000k\000a\000g\000e}{section.4.1}% 26
\BOOKMARK [3][-]{subsubsection.4.1.1.1}{\376\377\000S\000u\000b\000m\000o\000d\000u\000l\000e\000s}{subsection.4.1.1}% 27
\BOOKMARK [3][-]{subsubsection.4.1.1.2}{\376\377\000s\0002\000b\000o\000a\000.\000i\000n\000g\000e\000s\000t\000i\000o\000n\000s\000.\000i\000n\000g\000e\000s\000t\000i\000o\000n\000\137\000a\000i\000.\000i\000n\000g\000e\000s\000t\000i\000o\000n\000\137\000a\000i\000\040\000m\000o\000d\000u\000l\000e}{subsection.4.1.1}% 28
\BOOKMARK [3][-]{subsubsection.4.1.1.3}{\376\377\000s\0002\000b\000o\000a\000.\000i\000n\000g\000e\000s\000t\000i\000o\000n\000s\000.\000i\000n\000g\000e\000s\000t\000i\000o\000n\000\137\000d\000a\000m\000.\000i\000n\000g\000e\000s\000t\000i\000o\000n\000\137\000d\000a\000m\000\040\000m\000o\000d\000u\000l\000e}{subsection.4.1.1}% 29
\BOOKMARK [3][-]{subsubsection.4.1.1.4}{\376\377\000s\0002\000b\000o\000a\000.\000i\000n\000g\000e\000s\000t\000i\000o\000n\000s\000.\000i\000n\000g\000e\000s\000t\000i\000o\000n\000\137\000d\000f\000e\000p\000\137\000a\000c\000q\000u\000i\000s\000i\000t\000i\000o\000n\000.\000i\000n\000g\000e\000s\000t\000i\000o\000n\000\137\000d\000f\000e\000p\000\137\000a\000c\000q\000u\000i\000s\000i\000t\000i\000o\000n\000\040\000m\000o\000d\000u\000l\000e}{subsection.4.1.1}% 30
\BOOKMARK [3][-]{subsubsection.4.1.1.5}{\376\377\000s\0002\000b\000o\000a\000.\000i\000n\000g\000e\000s\000t\000i\000o\000n\000s\000.\000i\000n\000g\000e\000s\000t\000i\000o\000n\000\137\000d\000f\000e\000p\000\137\000s\000c\000h\000e\000d\000u\000l\000e\000.\000i\000n\000g\000e\000s\000t\000i\000o\000n\000\137\000d\000f\000e\000p\000\137\000s\000c\000h\000e\000d\000u\000l\000e\000\040\000m\000o\000d\000u\000l\000e}{subsection.4.1.1}% 31
\BOOKMARK [3][-]{subsubsection.4.1.1.6}{\376\377\000s\0002\000b\000o\000a\000.\000i\000n\000g\000e\000s\000t\000i\000o\000n\000s\000.\000i\000n\000g\000e\000s\000t\000i\000o\000n\000\137\000d\000h\000u\000s\000.\000i\000n\000g\000e\000s\000t\000i\000o\000n\000\137\000d\000h\000u\000s\000\040\000m\000o\000d\000u\000l\000e}{subsection.4.1.1}% 32
\BOOKMARK [3][-]{subsubsection.4.1.1.7}{\376\377\000s\0002\000b\000o\000a\000.\000i\000n\000g\000e\000s\000t\000i\000o\000n\000s\000.\000i\000n\000g\000e\000s\000t\000i\000o\000n\000\137\000d\000p\000c\000.\000i\000n\000g\000e\000s\000t\000i\000o\000n\000\137\000d\000p\000c\000\040\000m\000o\000d\000u\000l\000e}{subsection.4.1.1}% 33
\BOOKMARK [3][-]{subsubsection.4.1.1.8}{\376\377\000s\0002\000b\000o\000a\000.\000i\000n\000g\000e\000s\000t\000i\000o\000n\000s\000.\000i\000n\000g\000e\000s\000t\000i\000o\000n\000\137\000e\000d\000r\000s\000\137\000a\000c\000q\000u\000i\000s\000i\000t\000i\000o\000n\000.\000i\000n\000g\000e\000s\000t\000i\000o\000n\000\137\000e\000d\000r\000s\000\137\000a\000c\000q\000u\000i\000s\000i\000t\000i\000o\000n\000\040\000m\000o\000d\000u\000l\000e}{subsection.4.1.1}% 34
\BOOKMARK [3][-]{subsubsection.4.1.1.9}{\376\377\000s\0002\000b\000o\000a\000.\000i\000n\000g\000e\000s\000t\000i\000o\000n\000s\000.\000i\000n\000g\000e\000s\000t\000i\000o\000n\000\137\000l\000t\000a\000.\000i\000n\000g\000e\000s\000t\000i\000o\000n\000\137\000l\000t\000a\000\040\000m\000o\000d\000u\000l\000e}{subsection.4.1.1}% 35
\BOOKMARK [3][-]{subsubsection.4.1.1.10}{\376\377\000s\0002\000b\000o\000a\000.\000i\000n\000g\000e\000s\000t\000i\000o\000n\000s\000.\000i\000n\000g\000e\000s\000t\000i\000o\000n\000\137\000l\000t\000a\000s\000.\000i\000n\000g\000e\000s\000t\000i\000o\000n\000\137\000l\000t\000a\000s\000\040\000m\000o\000d\000u\000l\000e}{subsection.4.1.1}% 36
\BOOKMARK [3][-]{subsubsection.4.1.1.11}{\376\377\000s\0002\000b\000o\000a\000.\000i\000n\000g\000e\000s\000t\000i\000o\000n\000s\000.\000i\000n\000g\000e\000s\000t\000i\000o\000n\000\137\000n\000p\000p\000f\000.\000i\000n\000g\000e\000s\000t\000i\000o\000n\000\137\000n\000p\000p\000f\000\040\000m\000o\000d\000u\000l\000e}{subsection.4.1.1}% 37
\BOOKMARK [3][-]{subsubsection.4.1.1.12}{\376\377\000s\0002\000b\000o\000a\000.\000i\000n\000g\000e\000s\000t\000i\000o\000n\000s\000.\000i\000n\000g\000e\000s\000t\000i\000o\000n\000\137\000o\000r\000b\000p\000r\000e\000.\000i\000n\000g\000e\000s\000t\000i\000o\000n\000\137\000o\000r\000b\000p\000r\000e\000\040\000m\000o\000d\000u\000l\000e}{subsection.4.1.1}% 38
\BOOKMARK [3][-]{subsubsection.4.1.1.13}{\376\377\000s\0002\000b\000o\000a\000.\000i\000n\000g\000e\000s\000t\000i\000o\000n\000s\000.\000i\000n\000g\000e\000s\000t\000i\000o\000n\000\137\000r\000e\000p\000\137\000a\000r\000c\000.\000i\000n\000g\000e\000s\000t\000i\000o\000n\000\137\000r\000e\000p\000\137\000a\000r\000c\000\040\000m\000o\000d\000u\000l\000e}{subsection.4.1.1}% 39
\BOOKMARK [3][-]{subsubsection.4.1.1.14}{\376\377\000s\0002\000b\000o\000a\000.\000i\000n\000g\000e\000s\000t\000i\000o\000n\000s\000.\000i\000n\000g\000e\000s\000t\000i\000o\000n\000\137\000s\000l\000o\000t\000\137\000r\000e\000q\000u\000e\000s\000t\000\137\000e\000d\000r\000s\000.\000i\000n\000g\000e\000s\000t\000i\000o\000n\000\137\000s\000l\000o\000t\000\137\000r\000e\000q\000u\000e\000s\000t\000\137\000e\000d\000r\000s\000\040\000m\000o\000d\000u\000l\000e}{subsection.4.1.1}% 40
\BOOKMARK [3][-]{subsubsection.4.1.1.15}{\376\377\000s\0002\000b\000o\000a\000.\000i\000n\000g\000e\000s\000t\000i\000o\000n\000s\000.\000i\000n\000g\000e\000s\000t\000i\000o\000n\000\137\000s\000t\000a\000t\000i\000o\000n\000\137\000a\000c\000q\000u\000i\000s\000i\000t\000i\000o\000n\000\137\000r\000e\000p\000o\000r\000t\000.\000i\000n\000g\000e\000s\000t\000i\000o\000n\000\137\000s\000t\000a\000t\000i\000o\000n\000\137\000a\000c\000q\000u\000i\000s\000i\000t\000i\000o\000n\000\137\000r\000e\000p\000o\000r\000t\000\040\000m\000o\000d\000u\000l\000e}{subsection.4.1.1}% 41
\BOOKMARK [3][-]{subsubsection.4.1.1.16}{\376\377\000s\0002\000b\000o\000a\000.\000i\000n\000g\000e\000s\000t\000i\000o\000n\000s\000.\000i\000n\000g\000e\000s\000t\000i\000o\000n\000\137\000s\000t\000a\000t\000i\000o\000n\000\137\000s\000c\000h\000e\000d\000u\000l\000e\000.\000i\000n\000g\000e\000s\000t\000i\000o\000n\000\137\000s\000t\000a\000t\000i\000o\000n\000\137\000s\000c\000h\000e\000d\000u\000l\000e\000\040\000m\000o\000d\000u\000l\000e}{subsection.4.1.1}% 42
\BOOKMARK [3][-]{subsubsection.4.1.1.17}{\376\377\000s\0002\000b\000o\000a\000.\000i\000n\000g\000e\000s\000t\000i\000o\000n\000s\000.\000e\000r\000r\000o\000r\000s\000\040\000m\000o\000d\000u\000l\000e}{subsection.4.1.1}% 43
\BOOKMARK [3][-]{subsubsection.4.1.1.18}{\376\377\000s\0002\000b\000o\000a\000.\000i\000n\000g\000e\000s\000t\000i\000o\000n\000s\000.\000f\000u\000n\000c\000t\000i\000o\000n\000s\000\040\000m\000o\000d\000u\000l\000e}{subsection.4.1.1}% 44
\BOOKMARK [3][-]{subsubsection.4.1.1.19}{\376\377\000s\0002\000b\000o\000a\000.\000i\000n\000g\000e\000s\000t\000i\000o\000n\000s\000.\000x\000p\000a\000t\000h\000\137\000f\000u\000n\000c\000t\000i\000o\000n\000s\000\040\000m\000o\000d\000u\000l\000e}{subsection.4.1.1}% 45
\BOOKMARK [0][-]{chapter.5}{\376\377\000V\000i\000e\000w\000\040\000m\000o\000d\000u\000l\000e\000s\000\040\000c\000o\000d\000e\000\040\000d\000o\000c\000u\000m\000e\000n\000t\000a\000t\000i\000o\000n}{}% 46
\BOOKMARK [1][-]{section.5.1}{\376\377\000S\000u\000b\000p\000a\000c\000k\000a\000g\000e\000s}{chapter.5}% 47
\BOOKMARK [2][-]{subsection.5.1.1}{\376\377\000s\0002\000v\000b\000o\000a\000.\000v\000i\000e\000w\000s\000\040\000p\000a\000c\000k\000a\000g\000e}{section.5.1}% 48
\BOOKMARK [3][-]{subsubsection.5.1.1.1}{\376\377\000S\000u\000b\000m\000o\000d\000u\000l\000e\000s}{subsection.5.1.1}% 49
\BOOKMARK [3][-]{subsubsection.5.1.1.2}{\376\377\000s\0002\000v\000b\000o\000a\000.\000v\000i\000e\000w\000s\000.\000a\000c\000q\000u\000i\000s\000i\000t\000i\000o\000n\000\040\000m\000o\000d\000u\000l\000e}{subsection.5.1.1}% 50
\BOOKMARK [3][-]{subsubsection.5.1.1.3}{\376\377\000s\0002\000v\000b\000o\000a\000.\000v\000i\000e\000w\000s\000.\000p\000l\000a\000n\000n\000i\000n\000g\000\040\000m\000o\000d\000u\000l\000e}{subsection.5.1.1}% 51
\BOOKMARK [3][-]{subsubsection.5.1.1.4}{\376\377\000s\0002\000v\000b\000o\000a\000.\000v\000i\000e\000w\000s\000.\000f\000u\000n\000c\000t\000i\000o\000n\000s\000\040\000m\000o\000d\000u\000l\000e}{subsection.5.1.1}% 52
\BOOKMARK [3][-]{subsubsection.5.1.1.5}{\376\377\000M\000o\000d\000u\000l\000e\000\040\000c\000o\000n\000t\000e\000n\000t\000s}{subsection.5.1.1}% 53
