This is pdfTeX, Version 3.14159265-2.6-1.40.20 (TeX Live 2019/Debian) (preloaded format=pdflatex 2020.11.24)  4 FEB 2021 16:51
entering extended mode
 restricted \write18 enabled.
 file:line:error style messages enabled.
 %&-line parsing enabled.
**/home/s2boa/workspace/s2boa/doc/tex/doc.tex
(/home/s2boa/workspace/s2boa/doc/tex/doc.tex
LaTeX2e <2020-02-02> patch level 2
L3 programming layer <2020-02-14> (/usr/share/texlive/texmf-dist/tex/latex/base/book.cls
Document Class: book 2019/12/20 v1.4l Standard LaTeX document class
(/usr/share/texlive/texmf-dist/tex/latex/base/bk12.clo
File: bk12.clo 2019/12/20 v1.4l Standard LaTeX file (size option)
)
\c@part=\count167
\c@chapter=\count168
\c@section=\count169
\c@subsection=\count170
\c@subsubsection=\count171
\c@paragraph=\count172
\c@subparagraph=\count173
\c@figure=\count174
\c@table=\count175
\abovecaptionskip=\skip47
\belowcaptionskip=\skip48
\bibindent=\dimen134
) (./sphinx.sty
Package: sphinx 2018/07/18 v1.7.7 LaTeX package (Sphinx markup)
 (/usr/share/texlive/texmf-dist/tex/generic/ltxcmds/ltxcmds.sty
Package: ltxcmds 2019/12/15 v1.24 LaTeX kernel commands for general use (HO)
) (/usr/share/texlive/texmf-dist/tex/latex/graphics/graphicx.sty
Package: graphicx 2019/11/30 v1.2a Enhanced LaTeX Graphics (DPC,SPQR)
 (/usr/share/texlive/texmf-dist/tex/latex/graphics/keyval.sty
Package: keyval 2014/10/28 v1.15 key=value parser (DPC)
\KV@toks@=\toks14
) (/usr/share/texlive/texmf-dist/tex/latex/graphics/graphics.sty
Package: graphics 2019/11/30 v1.4a Standard LaTeX Graphics (DPC,SPQR)
 (/usr/share/texlive/texmf-dist/tex/latex/graphics/trig.sty
Package: trig 2016/01/03 v1.10 sin cos tan (DPC)
) (/usr/share/texlive/texmf-dist/tex/latex/graphics-cfg/graphics.cfg
File: graphics.cfg 2016/06/04 v1.11 sample graphics configuration
)
Package graphics Info: Driver file: pdftex.def on input line 105.
 (/usr/share/texlive/texmf-dist/tex/latex/graphics-def/pdftex.def
File: pdftex.def 2018/01/08 v1.0l Graphics/color driver for pdftex
))
\Gin@req@height=\dimen135
\Gin@req@width=\dimen136
) (/usr/share/texlive/texmf-dist/tex/latex/fancyhdr/fancyhdr.sty
Package: fancyhdr 2019/01/31 v3.10 Extensive control of page headers and footers
\f@nch@headwidth=\skip49
\f@nch@O@elh=\skip50
\f@nch@O@erh=\skip51
\f@nch@O@olh=\skip52
\f@nch@O@orh=\skip53
\f@nch@O@elf=\skip54
\f@nch@O@erf=\skip55
\f@nch@O@olf=\skip56
\f@nch@O@orf=\skip57
) (/usr/share/texlive/texmf-dist/tex/latex/amsmath/amstext.sty
Package: amstext 2000/06/29 v2.01 AMS text
 (/usr/share/texlive/texmf-dist/tex/latex/amsmath/amsgen.sty
File: amsgen.sty 1999/11/30 v2.0 generic functions
\@emptytoks=\toks15
\ex@=\dimen137
)) (/usr/share/texlive/texmf-dist/tex/latex/base/textcomp.sty
Package: textcomp 2020/02/02 v2.0n Standard LaTeX package
) (/usr/share/texlive/texmf-dist/tex/latex/titlesec/titlesec.sty
Package: titlesec 2019/10/16 v2.13 Sectioning titles
\ttl@box=\box45
\beforetitleunit=\skip58
\aftertitleunit=\skip59
\ttl@plus=\dimen138
\ttl@minus=\dimen139
\ttl@toksa=\toks16
\titlewidth=\dimen140
\titlewidthlast=\dimen141
\titlewidthfirst=\dimen142
) (./tabulary.sty
Package: tabulary 2007/10/02 v0.9 tabulary package (DPC)
 (/usr/share/texlive/texmf-dist/tex/latex/tools/array.sty
Package: array 2019/08/31 v2.4l Tabular extension package (FMi)
\col@sep=\dimen143
\ar@mcellbox=\box46
\extrarowheight=\dimen144
\NC@list=\toks17
\extratabsurround=\skip60
\backup@length=\skip61
\ar@cellbox=\box47
)
\TY@count=\count176
\TY@linewidth=\dimen145
\tymin=\dimen146
\tymax=\dimen147
\TY@tablewidth=\dimen148
) (/usr/share/texlive/texmf-dist/tex/latex/tools/longtable.sty
Package: longtable 2020/01/07 v4.13 Multi-page Table package (DPC)
\LTleft=\skip62
\LTright=\skip63
\LTpre=\skip64
\LTpost=\skip65
\LTchunksize=\count177
\LTcapwidth=\dimen149
\LT@head=\box48
\LT@firsthead=\box49
\LT@foot=\box50
\LT@lastfoot=\box51
\LT@cols=\count178
\LT@rows=\count179
\c@LT@tables=\count180
\c@LT@chunks=\count181
\LT@p@ftn=\toks18
) (/usr/share/texlive/texmf-dist/tex/latex/varwidth/varwidth.sty
Package: varwidth 2009/03/30 ver 0.92;  Variable-width minipages
\@vwid@box=\box52
\sift@deathcycles=\count182
\@vwid@loff=\dimen150
\@vwid@roff=\dimen151
) (./sphinxmulticell.sty
Package: sphinxmulticell 2017/02/23 v1.6 better span rows and columns of a table (Sphinx team)
\sphinx@TY@tablewidth=\dimen152
) (/usr/share/texlive/texmf-dist/tex/latex/base/makeidx.sty
Package: makeidx 2014/09/29 v1.0m Standard LaTeX package
) (/usr/share/texlive/texmf-dist/tex/latex/framed/framed.sty
Package: framed 2011/10/22 v 0.96: framed or shaded text with page breaks
\OuterFrameSep=\skip66
\fb@frw=\dimen153
\fb@frh=\dimen154
\FrameRule=\dimen155
\FrameSep=\dimen156
) (/usr/share/texlive/texmf-dist/tex/latex/xcolor/xcolor.sty
Package: xcolor 2016/05/11 v2.12 LaTeX color extensions (UK)
 (/usr/share/texlive/texmf-dist/tex/latex/graphics-cfg/color.cfg
File: color.cfg 2016/01/02 v1.6 sample color configuration
)
Package xcolor Info: Driver file: pdftex.def on input line 225.
Package xcolor Info: Model `cmy' substituted by `cmy0' on input line 1348.
Package xcolor Info: Model `hsb' substituted by `rgb' on input line 1352.
Package xcolor Info: Model `RGB' extended on input line 1364.
Package xcolor Info: Model `HTML' substituted by `rgb' on input line 1366.
Package xcolor Info: Model `Hsb' substituted by `hsb' on input line 1367.
Package xcolor Info: Model `tHsb' substituted by `hsb' on input line 1368.
Package xcolor Info: Model `HSB' substituted by `hsb' on input line 1369.
Package xcolor Info: Model `Gray' substituted by `gray' on input line 1370.
Package xcolor Info: Model `wave' substituted by `hsb' on input line 1371.
) (/usr/share/texlive/texmf-dist/tex/latex/fancyvrb/fancyvrb.sty
Package: fancyvrb 2020/01/13 v3.5 verbatim text (tvz,hv)
\FV@CodeLineNo=\count183
\FV@InFile=\read2
\FV@TabBox=\box53
\c@FancyVerbLine=\count184
\FV@StepNumber=\count185
\FV@OutFile=\write3
) (./footnotehyper-sphinx.sty
Package: footnotehyper-sphinx 2017/10/27 v1.7 hyperref aware footnote.sty for sphinx (JFB)
\FNH@notes=\box54
\FNH@width=\dimen157
) (/usr/share/texlive/texmf-dist/tex/latex/float/float.sty
Package: float 2001/11/08 v1.3d Float enhancements (AL)
\c@float@type=\count186
\float@exts=\toks19
\float@box=\box55
\@float@everytoks=\toks20
\@floatcapt=\box56
) (/usr/share/texlive/texmf-dist/tex/latex/wrapfig/wrapfig.sty
\wrapoverhang=\dimen158
\WF@size=\dimen159
\c@WF@wrappedlines=\count187
\WF@box=\box57
\WF@everypar=\toks21
Package: wrapfig 2003/01/31  v 3.6
) (/usr/share/texlive/texmf-dist/tex/latex/parskip/parskip.sty
Package: parskip 2020-01-22 v2.0d non-zero parskip adjustments
 (/usr/share/texlive/texmf-dist/tex/latex/kvoptions/kvoptions.sty
Package: kvoptions 2019/11/29 v3.13 Key value format for package options (HO)
 (/usr/share/texlive/texmf-dist/tex/generic/kvsetkeys/kvsetkeys.sty
Package: kvsetkeys 2019/12/15 v1.18 Key value parser (HO)
)) (/usr/share/texlive/texmf-dist/tex/latex/etoolbox/etoolbox.sty
Package: etoolbox 2019/09/21 v2.5h e-TeX tools for LaTeX (JAW)
\etb@tempcnta=\count188
)) (/usr/share/texlive/texmf-dist/tex/latex/base/alltt.sty
Package: alltt 1997/06/16 v2.0g defines alltt environment
) (/usr/share/texlive/texmf-dist/tex/latex/upquote/upquote.sty
Package: upquote 2012/04/19 v1.3 upright-quote and grave-accent glyphs in verbatim
) (./capt-of.sty
Package: capt-of 2009/12/29 v0.2 standard captions outside of floats
) (./needspace.sty
Package: needspace 2010/09/12 v1.3d reserve vertical space
) (./sphinxhighlight.sty
Package: sphinxhighlight 2016/05/29 stylesheet for highlighting with pygments
)
\sphinxverbatimsep=\dimen160
\sphinxverbatimborder=\dimen161
\sphinxshadowsep=\dimen162
\sphinxshadowsize=\dimen163
\sphinxshadowrule=\dimen164
\spx@notice@border=\dimen165
\spx@image@box=\box58
\c@literalblock=\count189
\sphinxcontinuationbox=\box59
\sphinxvisiblespacebox=\box60
\sphinxVerbatim@TitleBox=\box61
\py@argswidth=\skip67
\lineblockindentation=\skip68
\DUlineblockindent=\skip69
) (/usr/share/texlive/texmf-dist/tex/latex/pdflscape/pdflscape.sty
Package: pdflscape 2019/12/05 v0.12 Display of landscape pages in PDF (HO)
 (/usr/share/texlive/texmf-dist/tex/generic/iftex/iftex.sty
Package: iftex 2019/11/07 v1.0c TeX engine tests
) (/usr/share/texlive/texmf-dist/tex/latex/graphics/lscape.sty
Package: lscape 2000/10/22 v3.01 Landscape Pages (DPC)
)
Package pdflscape Info: Auto-detected driver: pdftex on input line 81.
) (/usr/share/texlive/texmf-dist/tex/latex/geometry/geometry.sty
Package: geometry 2020/01/02 v5.9 Page Geometry
 (/usr/share/texlive/texmf-dist/tex/generic/iftex/ifvtex.sty
Package: ifvtex 2019/10/25 v1.7 ifvtex legacy package. Use iftex instead.
)
\Gm@cnth=\count190
\Gm@cntv=\count191
\c@Gm@tempcnt=\count192
\Gm@bindingoffset=\dimen166
\Gm@wd@mp=\dimen167
\Gm@odd@mp=\dimen168
\Gm@even@mp=\dimen169
\Gm@layoutwidth=\dimen170
\Gm@layoutheight=\dimen171
\Gm@layouthoffset=\dimen172
\Gm@layoutvoffset=\dimen173
\Gm@dimlist=\toks22
) (/usr/share/texlive/texmf-dist/tex/latex/base/fontenc.sty
Package: fontenc 2020/02/11 v2.0o Standard LaTeX package
) (/usr/share/texlive/texmf-dist/tex/latex/base/inputenc.sty
Package: inputenc 2018/08/11 v1.3c Input encoding file
\inpenc@prehook=\toks23
\inpenc@posthook=\toks24
) (/usr/share/texlive/texmf-dist/tex/latex/appendix/appendix.sty
Package: appendix 2020/02/08 v1.2c extra appendix facilities
\c@@pps=\count193
\c@@ppsavesec=\count194
\c@@ppsaveapp=\count195
) (/usr/share/texlive/texmf-dist/tex/latex/hyperref/hyperref.sty
Package: hyperref 2020/01/14 v7.00d Hypertext links for LaTeX
 (/usr/share/texlive/texmf-dist/tex/latex/pdftexcmds/pdftexcmds.sty
Package: pdftexcmds 2019/11/24 v0.31 Utility functions of pdfTeX for LuaTeX (HO)
 (/usr/share/texlive/texmf-dist/tex/generic/infwarerr/infwarerr.sty
Package: infwarerr 2019/12/03 v1.5 Providing info/warning/error messages (HO)
)
Package pdftexcmds Info: \pdf@primitive is available.
Package pdftexcmds Info: \pdf@ifprimitive is available.
Package pdftexcmds Info: \pdfdraftmode found.
) (/usr/share/texlive/texmf-dist/tex/generic/kvdefinekeys/kvdefinekeys.sty
Package: kvdefinekeys 2019-12-19 v1.6 Define keys (HO)
) (/usr/share/texlive/texmf-dist/tex/generic/pdfescape/pdfescape.sty
Package: pdfescape 2019/12/09 v1.15 Implements pdfTeX's escape features (HO)
) (/usr/share/texlive/texmf-dist/tex/latex/hycolor/hycolor.sty
Package: hycolor 2020-01-27 v1.10 Color options for hyperref/bookmark (HO)
) (/usr/share/texlive/texmf-dist/tex/latex/letltxmacro/letltxmacro.sty
Package: letltxmacro 2019/12/03 v1.6 Let assignment for LaTeX macros (HO)
) (/usr/share/texlive/texmf-dist/tex/latex/auxhook/auxhook.sty
Package: auxhook 2019-12-17 v1.6 Hooks for auxiliary files (HO)
)
\@linkdim=\dimen174
\Hy@linkcounter=\count196
\Hy@pagecounter=\count197
 (/usr/share/texlive/texmf-dist/tex/latex/hyperref/pd1enc.def
File: pd1enc.def 2020/01/14 v7.00d Hyperref: PDFDocEncoding definition (HO)
Now handling font encoding PD1 ...
... no UTF-8 mapping file for font encoding PD1
) (/usr/share/texlive/texmf-dist/tex/generic/intcalc/intcalc.sty
Package: intcalc 2019/12/15 v1.3 Expandable calculations with integers (HO)
) (/usr/share/texlive/texmf-dist/tex/generic/etexcmds/etexcmds.sty
Package: etexcmds 2019/12/15 v1.7 Avoid name clashes with e-TeX commands (HO)
)
\Hy@SavedSpaceFactor=\count198
\pdfmajorversion=\count199
Package hyperref Info: Option `unicode' set `true' on input line 4421.
 (/usr/share/texlive/texmf-dist/tex/latex/hyperref/puenc.def
File: puenc.def 2020/01/14 v7.00d Hyperref: PDF Unicode definition (HO)
Now handling font encoding PU ...
... no UTF-8 mapping file for font encoding PU
)
Package hyperref Info: Option `colorlinks' set `true' on input line 4421.
Package hyperref Info: Option `breaklinks' set `true' on input line 4421.
Package hyperref Info: Option `colorlinks' set `true' on input line 4421.
Package hyperref Info: Option `hyperfootnotes' set `true' on input line 4421.
Package hyperref Info: Hyper figures OFF on input line 4547.
Package hyperref Info: Link nesting OFF on input line 4552.
Package hyperref Info: Hyper index ON on input line 4555.
Package hyperref Info: Plain pages OFF on input line 4562.
Package hyperref Info: Backreferencing OFF on input line 4567.
Package hyperref Info: Implicit mode ON; LaTeX internals redefined.
Package hyperref Info: Bookmarks ON on input line 4800.
\c@Hy@tempcnt=\count266
 (/usr/share/texlive/texmf-dist/tex/latex/url/url.sty
\Urlmuskip=\muskip16
Package: url 2013/09/16  ver 3.4  Verb mode for urls, etc.
)
LaTeX Info: Redefining \url on input line 5159.
\XeTeXLinkMargin=\dimen175
 (/usr/share/texlive/texmf-dist/tex/generic/bitset/bitset.sty
Package: bitset 2019/12/09 v1.3 Handle bit-vector datatype (HO)
 (/usr/share/texlive/texmf-dist/tex/generic/bigintcalc/bigintcalc.sty
Package: bigintcalc 2019/12/15 v1.5 Expandable calculations on big integers (HO)
))
\Fld@menulength=\count267
\Field@Width=\dimen176
\Fld@charsize=\dimen177
Package hyperref Info: Hyper figures OFF on input line 6430.
Package hyperref Info: Link nesting OFF on input line 6435.
Package hyperref Info: Hyper index ON on input line 6438.
Package hyperref Info: backreferencing OFF on input line 6445.
Package hyperref Info: Link coloring ON on input line 6448.
Package hyperref Info: Link coloring with OCG OFF on input line 6455.
Package hyperref Info: PDF/A mode OFF on input line 6460.
LaTeX Info: Redefining \ref on input line 6500.
LaTeX Info: Redefining \pageref on input line 6504.
 (/usr/share/texlive/texmf-dist/tex/generic/atbegshi/atbegshi.sty
Package: atbegshi 2019/12/05 v1.19 At begin shipout hook (HO)
)
\Hy@abspage=\count268
\c@Item=\count269
\c@Hfootnote=\count270
)
Package hyperref Info: Driver (autodetected): hpdftex.
 (/usr/share/texlive/texmf-dist/tex/latex/hyperref/hpdftex.def
File: hpdftex.def 2020/01/14 v7.00d Hyperref driver for pdfTeX
 (/usr/share/texlive/texmf-dist/tex/latex/atveryend/atveryend.sty
Package: atveryend 2019-12-11 v1.11 Hooks at the very end of document (HO)
)
\Fld@listcount=\count271
\c@bookmark@seq@number=\count272
 (/usr/share/texlive/texmf-dist/tex/latex/rerunfilecheck/rerunfilecheck.sty
Package: rerunfilecheck 2019/12/05 v1.9 Rerun checks for auxiliary files (HO)
 (/usr/share/texlive/texmf-dist/tex/generic/uniquecounter/uniquecounter.sty
Package: uniquecounter 2019/12/15 v1.4 Provide unlimited unique counter (HO)
)
Package uniquecounter Info: New unique counter `rerunfilecheck' on input line 286.
)
\Hy@SectionHShift=\skip70
) (/usr/share/texlive/texmf-dist/tex/latex/caption/caption.sty
Package: caption 2020/01/03 v3.4h Customizing captions (AR)
 (/usr/share/texlive/texmf-dist/tex/latex/caption/caption3.sty
Package: caption3 2020/01/03 v1.8h caption3 kernel (AR)
Package caption3 Info: TeX engine: e-TeX on input line 61.
\captionmargin=\dimen178
\captionmargin@=\dimen179
\captionwidth=\dimen180
\caption@tempdima=\dimen181
\caption@indent=\dimen182
\caption@parindent=\dimen183
\caption@hangindent=\dimen184
Package caption Info: Standard document class detected.
)
\c@caption@flags=\count273
\c@continuedfloat=\count274
Package caption Info: float package is loaded.
Package caption Info: hyperref package is loaded.
Package caption Info: longtable package is loaded.
 (/usr/share/texlive/texmf-dist/tex/latex/caption/ltcaption.sty
Package: ltcaption 2018/08/26 v1.4a longtable captions (AR)
)
Package caption Info: wrapfig package is loaded.
) (/usr/share/texlive/texmf-dist/tex/latex/eurosym/eurosym.sty
Package: eurosym 1998/08/06 v1.1 European currency symbol ``Euro''
\@eurobox=\box62
) (/usr/share/texlive/texmf-dist/tex/latex/multirow/multirow.sty
Package: multirow 2019/05/31 v2.5 Span multiple rows of a table
\multirow@colwidth=\skip71
\multirow@cntb=\count275
\multirow@dima=\skip72
\bigstrutjot=\dimen185
) (/usr/share/texlive/texmf-dist/tex/latex/listings/listings.sty
\lst@mode=\count276
\lst@gtempboxa=\box63
\lst@token=\toks25
\lst@length=\count277
\lst@currlwidth=\dimen186
\lst@column=\count278
\lst@pos=\count279
\lst@lostspace=\dimen187
\lst@width=\dimen188
\lst@newlines=\count280
\lst@lineno=\count281
\lst@maxwidth=\dimen189
 (/usr/share/texlive/texmf-dist/tex/latex/listings/lstmisc.sty
File: lstmisc.sty 2019/09/10 1.8c (Carsten Heinz)
\c@lstnumber=\count282
\lst@skipnumbers=\count283
\lst@framebox=\box64
) (/usr/share/texlive/texmf-dist/tex/latex/listings/listings.cfg
File: listings.cfg 2019/09/10 1.8c listings configuration
))
Package: listings 2019/09/10 1.8c (Carsten Heinz)
 (/usr/share/texlive/texmf-dist/tex/latex/enumitem/enumitem.sty
Package: enumitem 2019/06/20 v3.9 Customized lists
\labelindent=\skip73
\enit@outerparindent=\dimen190
\enit@toks=\toks26
\enit@inbox=\box65
\enit@count@id=\count284
\enitdp@description=\count285
) (/usr/share/texlive/texmf-dist/tex/latex/glossaries/base/glossaries.sty
Package: glossaries 2020/02/13 v4.45 (NLCT)
 (/usr/share/texlive/texmf-dist/tex/latex/base/ifthen.sty
Package: ifthen 2014/09/29 v1.1c Standard LaTeX ifthen package (DPC)
) (/usr/share/texlive/texmf-dist/tex/latex/xkeyval/xkeyval.sty
Package: xkeyval 2014/12/03 v2.7a package option processing (HA)
 (/usr/share/texlive/texmf-dist/tex/generic/xkeyval/xkeyval.tex (/usr/share/texlive/texmf-dist/tex/generic/xkeyval/xkvutils.tex
\XKV@toks=\toks27
\XKV@tempa@toks=\toks28
)
\XKV@depth=\count286
File: xkeyval.tex 2014/12/03 v2.7a key=value parser (HA)
)) (/usr/share/texlive/texmf-dist/tex/latex/mfirstuc/mfirstuc.sty
Package: mfirstuc 2017/11/14 v2.06 (NLCT)
\@glsmfirst=\toks29
\@glsmrest=\toks30
) (/usr/share/texlive/texmf-dist/tex/latex/textcase/textcase.sty
Package: textcase 2019/09/14 v1.00 Text only upper/lower case changing (DPC)
) (/usr/share/texlive/texmf-dist/tex/latex/xfor/xfor.sty
Package: xfor 2009/02/05 v1.05 (NLCT)
) (/usr/share/texlive/texmf-dist/tex/latex/datatool/datatool-base.sty
Package: datatool-base 2019/09/27 v2.32 (NLCT)
 (/usr/share/texlive/texmf-dist/tex/latex/amsmath/amsmath.sty
Package: amsmath 2020/01/20 v2.17e AMS math features
\@mathmargin=\skip74

For additional information on amsmath, use the `?' option.
(/usr/share/texlive/texmf-dist/tex/latex/amsmath/amsbsy.sty
Package: amsbsy 1999/11/29 v1.2d Bold Symbols
\pmbraise@=\dimen191
) (/usr/share/texlive/texmf-dist/tex/latex/amsmath/amsopn.sty
Package: amsopn 2016/03/08 v2.02 operator names
)
\inf@bad=\count287
LaTeX Info: Redefining \frac on input line 227.
\uproot@=\count288
\leftroot@=\count289
LaTeX Info: Redefining \overline on input line 389.
\classnum@=\count290
\DOTSCASE@=\count291
LaTeX Info: Redefining \ldots on input line 486.
LaTeX Info: Redefining \dots on input line 489.
LaTeX Info: Redefining \cdots on input line 610.
\Mathstrutbox@=\box66
\strutbox@=\box67
\big@size=\dimen192
LaTeX Font Info:    Redeclaring font encoding OML on input line 733.
LaTeX Font Info:    Redeclaring font encoding OMS on input line 734.
\macc@depth=\count292
\c@MaxMatrixCols=\count293
\dotsspace@=\muskip17
\c@parentequation=\count294
\dspbrk@lvl=\count295
\tag@help=\toks31
\row@=\count296
\column@=\count297
\maxfields@=\count298
\andhelp@=\toks32
\eqnshift@=\dimen193
\alignsep@=\dimen194
\tagshift@=\dimen195
\tagwidth@=\dimen196
\totwidth@=\dimen197
\lineht@=\dimen198
\@envbody=\toks33
\multlinegap=\skip75
\multlinetaggap=\skip76
\mathdisplay@stack=\toks34
LaTeX Info: Redefining \[ on input line 2859.
LaTeX Info: Redefining \] on input line 2860.
) (/usr/share/texlive/texmf-dist/tex/latex/substr/substr.sty
Package: substr 2009/10/20 v1.2 Handle substrings
\c@su@anzahl=\count299
) (/usr/share/texlive/texmf-dist/tex/latex/datatool/datatool-fp.sty
Package: datatool-fp 2019/09/27 v2.32 (NLCT)
 (/usr/share/texlive/texmf-dist/tex/latex/fp/fp.sty
Package: fp 1995/04/02
 `Fixed Point Package', Version 0.8, April 2, 1995 (C) Michael Mehlich (/usr/share/texlive/texmf-dist/tex/latex/fp/defpattern.sty
Package: defpattern 1994/10/12
\actioncount=\count300
) (/usr/share/texlive/texmf-dist/tex/latex/fp/fp-basic.sty
Package: fp-basic 1996/05/13
\FP@xs=\count301
\FP@xia=\count302
\FP@xib=\count303
\FP@xfa=\count304
\FP@xfb=\count305
\FP@rega=\count306
\FP@regb=\count307
\FP@regs=\count308
\FP@times=\count309
) (/usr/share/texlive/texmf-dist/tex/latex/fp/fp-addons.sty
Package: fp-addons 1995/03/15
) (/usr/share/texlive/texmf-dist/tex/latex/fp/fp-snap.sty
Package: fp-snap 1995/04/05
) (/usr/share/texlive/texmf-dist/tex/latex/fp/fp-exp.sty
Package: fp-exp 1995/04/03
) (/usr/share/texlive/texmf-dist/tex/latex/fp/fp-trigo.sty
Package: fp-trigo 1995/04/14
) (/usr/share/texlive/texmf-dist/tex/latex/fp/fp-pas.sty
Package: fp-pas 1994/08/29
) (/usr/share/texlive/texmf-dist/tex/latex/fp/fp-random.sty
Package: fp-random 1995/02/23
\FPseed=\count310
) (/usr/share/texlive/texmf-dist/tex/latex/fp/fp-eqn.sty
Package: fp-eqn 1995/04/03
) (/usr/share/texlive/texmf-dist/tex/latex/fp/fp-upn.sty
Package: fp-upn 1996/10/21
) (/usr/share/texlive/texmf-dist/tex/latex/fp/fp-eval.sty
Package: fp-eval 1995/04/03
)))
\@dtl@toks=\toks35
\@dtl@tmpcount=\count311
\dtl@tmplength=\skip77
\dtl@sortresult=\count312
\@dtl@numgrpsepcount=\count313
\@dtl@datatype=\count314
\dtl@codeA=\count315
\dtl@codeB=\count316
\@dtl@foreach@level=\count317
) (/usr/share/texlive/texmf-dist/tex/latex/glossaries/base/glossaries-compatible-307.sty
Package: glossaries-compatible-307 2020/02/13 v4.45 (NLCT)
)
\gls@level=\count318
\@gls@tmpb=\toks36
\gls@tmplen=\skip78
\glskeylisttok=\toks37
\glslabeltok=\toks38
\glsshorttok=\toks39
\glslongtok=\toks40
 (/usr/share/texlive/texmf-dist/tex/latex/glossaries/styles/glossary-hypernav.sty
Package: glossary-hypernav 2020/02/13 v4.45 (NLCT)
) (/usr/share/texlive/texmf-dist/tex/latex/glossaries/styles/glossary-list.sty
Package: glossary-list 2020/02/13 v4.45 (NLCT)
\glslistdottedwidth=\skip79
) (/usr/share/texlive/texmf-dist/tex/latex/glossaries/styles/glossary-long.sty
Package: glossary-long 2020/02/13 v4.45 (NLCT)
\glsdescwidth=\skip80
\glspagelistwidth=\skip81
) (/usr/share/texlive/texmf-dist/tex/latex/glossaries/styles/glossary-super.sty
Package: glossary-super 2020/02/13 v4.45 (NLCT)
 (/usr/share/texlive/texmf-dist/tex/latex/supertabular/supertabular.sty
Package: supertabular 2020/02/02 v4.1g the supertabular environment
\c@tracingst=\count319
\ST@wd=\dimen199
\ST@rightskip=\skip82
\ST@leftskip=\skip83
\ST@parfillskip=\skip84
\ST@pageleft=\dimen256
\ST@headht=\dimen257
\ST@tailht=\dimen258
\ST@pagesofar=\dimen259
\ST@pboxht=\dimen260
\ST@lineht=\dimen261
\ST@prevht=\dimen262
\ST@toadd=\dimen263
\ST@dimen=\dimen264
\ST@pbox=\box68
)) (/usr/share/texlive/texmf-dist/tex/latex/glossaries/styles/glossary-tree.sty
Package: glossary-tree 2020/02/13 v4.45 (NLCT)
\glstreeindent=\skip85
)) (/usr/share/texlive/texmf-dist/tex/latex/mathtools/mathtools.sty
Package: mathtools 2020/01/17 v1.23 mathematical typesetting tools
 (/usr/share/texlive/texmf-dist/tex/latex/tools/calc.sty
Package: calc 2017/05/25 v4.3 Infix arithmetic (KKT,FJ)
\calc@Acount=\count320
\calc@Bcount=\count321
\calc@Adimen=\dimen265
\calc@Bdimen=\dimen266
\calc@Askip=\skip86
\calc@Bskip=\skip87
LaTeX Info: Redefining \setlength on input line 80.
LaTeX Info: Redefining \addtolength on input line 81.
\calc@Ccount=\count322
\calc@Cskip=\skip88
) (/usr/share/texlive/texmf-dist/tex/latex/mathtools/mhsetup.sty
Package: mhsetup 2017/03/31 v1.3 programming setup (MH)
)
LaTeX Info: Thecontrolsequence`\('isalreadyrobust on input line 129.
LaTeX Info: Thecontrolsequence`\)'isalreadyrobust on input line 129.
LaTeX Info: Thecontrolsequence`\['isalreadyrobust on input line 129.
LaTeX Info: Thecontrolsequence`\]'isalreadyrobust on input line 129.
\g_MT_multlinerow_int=\count323
\l_MT_multwidth_dim=\dimen267
\origjot=\skip89
\l_MT_shortvdotswithinadjustabove_dim=\dimen268
\l_MT_shortvdotswithinadjustbelow_dim=\dimen269
\l_MT_above_intertext_sep=\dimen270
\l_MT_below_intertext_sep=\dimen271
\l_MT_above_shortintertext_sep=\dimen272
\l_MT_below_shortintertext_sep=\dimen273
) (./vhistory.sty
Package: vhistory 
 (/usr/share/texlive/texmf-dist/tex/latex/carlisle/ltxtable.sty
Package: ltxtable 1995/12/11 v0.2 longtable/tabularx merge (DPC)
 (/usr/share/texlive/texmf-dist/tex/latex/tools/tabularx.sty
Package: tabularx 2020/01/15 v2.11c `tabularx' package (DPC)
\TX@col@width=\dimen274
\TX@old@table=\dimen275
\TX@old@col=\dimen276
\TX@target=\dimen277
\TX@delta=\dimen278
\TX@cols=\count324
\TX@ftn=\toks41
)) (./sets.sty
Package: sets 
\c@s@tlength=\count325
)
Reading file doc.hst...
(/home/s2boa/workspace/s2boa/doc/tex/build/doc.hst)
\vh@verfile=\write4
)
\glswrite=\write5
\glo@main@file=\write6
\openout6 = `doc.glo'.

Package glossaries Info: Writing glossary file doc.glo on input line 112.
\glo@acronym@file=\write7
\openout7 = `doc.acn'.

Package glossaries Info: Writing glossary file doc.acn on input line 112.
 (/usr/share/texlive/texmf-dist/tex/latex/l3backend/l3backend-pdfmode.def
File: l3backend-pdfmode.def 2020-02-03 L3 backend support: PDF mode
\l__kernel_color_stack_int=\count326
\l__pdf_internal_box=\box69
) (/home/s2boa/workspace/s2boa/doc/tex/build/doc.aux)
\openout1 = `doc.aux'.

LaTeX Font Info:    Checking defaults for OML/cmm/m/it on input line 115.
LaTeX Font Info:    ... okay on input line 115.
LaTeX Font Info:    Checking defaults for OMS/cmsy/m/n on input line 115.
LaTeX Font Info:    ... okay on input line 115.
LaTeX Font Info:    Checking defaults for OT1/cmr/m/n on input line 115.
LaTeX Font Info:    ... okay on input line 115.
LaTeX Font Info:    Checking defaults for T1/cmr/m/n on input line 115.
LaTeX Font Info:    ... okay on input line 115.
LaTeX Font Info:    Checking defaults for TS1/cmr/m/n on input line 115.
LaTeX Font Info:    ... okay on input line 115.
LaTeX Font Info:    Checking defaults for OMX/cmex/m/n on input line 115.
LaTeX Font Info:    ... okay on input line 115.
LaTeX Font Info:    Checking defaults for U/cmr/m/n on input line 115.
LaTeX Font Info:    ... okay on input line 115.
LaTeX Font Info:    Checking defaults for PD1/pdf/m/n on input line 115.
LaTeX Font Info:    ... okay on input line 115.
LaTeX Font Info:    Checking defaults for PU/pdf/m/n on input line 115.
LaTeX Font Info:    ... okay on input line 115.
 (/usr/share/texlive/texmf-dist/tex/context/base/mkii/supp-pdf.mkii
[Loading MPS to PDF converter (version 2006.09.02).]
\scratchcounter=\count327
\scratchdimen=\dimen279
\scratchbox=\box70
\nofMPsegments=\count328
\nofMParguments=\count329
\everyMPshowfont=\toks42
\MPscratchCnt=\count330
\MPscratchDim=\dimen280
\MPnumerator=\count331
\makeMPintoPDFobject=\count332
\everyMPtoPDFconversion=\toks43
) (/usr/share/texlive/texmf-dist/tex/latex/epstopdf-pkg/epstopdf-base.sty
Package: epstopdf-base 2020-01-24 v2.11 Base part for package epstopdf
Package epstopdf-base Info: Redefining graphics rule for `.eps' on input line 485.
 (/usr/share/texlive/texmf-dist/tex/latex/latexconfig/epstopdf-sys.cfg
File: epstopdf-sys.cfg 2010/07/13 v1.3 Configuration of (r)epstopdf for TeX Live
))
*geometry* driver: auto-detecting
*geometry* detected driver: pdftex
*geometry* verbose mode - [ preamble ] result:
* driver: pdftex
* paper: a4paper
* layout: <same size as paper>
* layoutoffset:(h,v)=(0.0pt,0.0pt)
* modes: twoside 
* h-part:(L,W,R)=(56.9055pt, 468.33238pt, 72.26999pt)
* v-part:(T,H,B)=(71.13188pt, 701.64497pt, 72.26999pt)
* \paperwidth=597.50787pt
* \paperheight=845.04684pt
* \textwidth=468.33238pt
* \textheight=701.64497pt
* \oddsidemargin=-15.36449pt
* \evensidemargin=0.0pt
* \topmargin=-33.0119pt
* \headheight=12.0pt
* \headsep=19.8738pt
* \topskip=12.0pt
* \footskip=30.0pt
* \marginparwidth=36.135pt
* \marginparsep=7.0pt
* \columnsep=10.0pt
* \skip\footins=10.8pt plus 4.0pt minus 2.0pt
* \hoffset=0.0pt
* \voffset=0.0pt
* \mag=1000
* \@twocolumnfalse
* \@twosidetrue
* \@mparswitchtrue
* \@reversemarginfalse
* (1in=72.27pt=25.4mm, 1cm=28.453pt)

\AtBeginShipoutBox=\box71
Package hyperref Info: Link coloring ON on input line 115.
(/usr/share/texlive/texmf-dist/tex/latex/hyperref/nameref.sty
Package: nameref 2019/09/16 v2.46 Cross-referencing by name of section
 (/usr/share/texlive/texmf-dist/tex/latex/refcount/refcount.sty
Package: refcount 2019/12/15 v3.6 Data extraction from label references (HO)
) (/usr/share/texlive/texmf-dist/tex/generic/gettitlestring/gettitlestring.sty
Package: gettitlestring 2019/12/15 v1.6 Cleanup title references (HO)
)
\c@section@level=\count333
)
LaTeX Info: Redefining \ref on input line 115.
LaTeX Info: Redefining \pageref on input line 115.
LaTeX Info: Redefining \nameref on input line 115.
\@outlinefile=\write8
\openout8 = `doc.out'.

Package caption Info: Begin \AtBeginDocument code.
Package caption Info: listings package is loaded.
Package caption Info: supertabular package is loaded.
Package caption Info: End \AtBeginDocument code.
\c@lstlisting=\count334
 (/home/s2boa/workspace/s2boa/doc/tex/build/doc.glsdefs) (./acronyms.tex
\@gls@deffile=\write9
\openout9 = `doc.glsdefs'.

) (./glossary.tex) (./front.tex
<../fig/deimos_logo.jpg, id=4, 401.5pt x 401.5pt>
File: ../fig/deimos_logo.jpg Graphic file (type jpg)
<use ../fig/deimos_logo.jpg>
Package pdftex.def Info: ../fig/deimos_logo.jpg  used on input line 11.
(pdftex.def)             Requested size: 80.29857pt x 80.29857pt.
 [1

\openout5 = `doc.ist'.


{/var/lib/texmf/fonts/map/pdftex/updmap/pdftex.map} <../fig/deimos_logo.jpg>]) [2

] (./history.tex
\openout4 = `doc.ver'.

\vh@hstfile=\write10
\openout10 = `doc.hst'.

 (/home/s2boa/workspace/s2boa/doc/tex/build/doc.ver) (/home/s2boa/workspace/s2boa/doc/tex/build/doc.ver) (/home/s2boa/workspace/s2boa/doc/tex/build/doc.ver))
LaTeX Font Info:    Trying to load font information for T1+cmss on input line 136.
 (/usr/share/texlive/texmf-dist/tex/latex/base/t1cmss.fd
File: t1cmss.fd 2019/12/16 v2.5j Standard LaTeX font definitions
) [1


] [2

]
\tf@toc=\write11
\openout11 = `doc.toc'.

 [3] [4

]
\tf@lof=\write12
\openout12 = `doc.lof'.

 [5] [6

]
\tf@lot=\write13
\openout13 = `doc.lot'.

 [7] [8

] (./introduction.tex
Chapter 1.
) (./purpose_scope.tex [1

] [2

]
Chapter 2.
[3]) (./s2boa_ingestions.tex [4]
Chapter 3.

LaTeX Warning: Reference `fg:data_flow_s2boa' on page 5 undefined on input line 3.

<../fig/data_flow_s2boa.png, id=120, 1296.845pt x 738.76pt>
File: ../fig/data_flow_s2boa.png Graphic file (type png)
<use ../fig/data_flow_s2boa.png>
Package pdftex.def Info: ../fig/data_flow_s2boa.png  used on input line 7.
(pdftex.def)             Requested size: 426.79134pt x 243.12646pt.

LaTeX Warning: Reference `fg:legened_structure_of_ingestions' on page 5 undefined on input line 14.

<../fig/legened_structure_of_ingestions.png, id=122, 1128.215pt x 690.58pt>
File: ../fig/legened_structure_of_ingestions.png Graphic file (type png)
<use ../fig/legened_structure_of_ingestions.png>
Package pdftex.def Info: ../fig/legened_structure_of_ingestions.png  used on input line 18.
(pdftex.def)             Requested size: 426.79134pt x 261.24294pt.
[5

 <../fig/data_flow_s2boa.png>] (./ingestion_nppf.tex

LaTeX Warning: Reference `fg:structure_ingestion_nppf' on page 6 undefined on input line 27.

<../fig/structure_ingestion_nppf.png, id=131, 1077.02374pt x 956.57375pt>
File: ../fig/structure_ingestion_nppf.png Graphic file (type png)
<use ../fig/structure_ingestion_nppf.png>
Package pdftex.def Info: ../fig/structure_ingestion_nppf.png  used on input line 31.
(pdftex.def)             Requested size: 426.79134pt x 379.06126pt.
[6 <../fig/legened_structure_of_ingestions.png>]

LaTeX Warning: Reference `tb:description_events_ingestion_nppf' on page 7 undefined on input line 37.

[7 <../fig/structure_ingestion_nppf.png>]
Overfull \hbox (2.48976pt too wide) in paragraph at lines 41--41
 []|\T1/cmr/bx/n/12 Gauge 
 []


Underfull \vbox (badness 10000) detected at line 62
 []

[8

] [9] [10] [11] [12] [13]) (./ingestion_orbpre.tex

LaTeX Warning: Reference `fg:structure_ingestion_orbpre' on page 14 undefined on input line 27.

<../fig/structure_ingestion_orbpre.png, id=179, 1077.02374pt x 1066.98625pt>
File: ../fig/structure_ingestion_orbpre.png Graphic file (type png)
<use ../fig/structure_ingestion_orbpre.png>
Package pdftex.def Info: ../fig/structure_ingestion_orbpre.png  used on input line 31.
(pdftex.def)             Requested size: 426.79134pt x 422.8144pt.
[14

]

LaTeX Warning: Reference `tb:description_events_ingestion_orbpre' on page 15 undefined on input line 39.

[15 <../fig/structure_ingestion_orbpre.png>]
Overfull \hbox (2.48976pt too wide) in paragraph at lines 43--43
 []|\T1/cmr/bx/n/12 Gauge 
 []


Underfull \vbox (badness 10000) detected at line 59
 []

[16

] [17] [18] [19]) (./ingestion_station_schedule.tex [20

]

LaTeX Warning: Reference `fg:structure_ingestion_station_schedule' on page 21 undefined on input line 25.

<../fig/structure_ingestion_station_schedule.png, id=229, 625.33624pt x 163.61125pt>
File: ../fig/structure_ingestion_station_schedule.png Graphic file (type png)
<use ../fig/structure_ingestion_station_schedule.png>
Package pdftex.def Info: ../fig/structure_ingestion_station_schedule.png  used on input line 29.
(pdftex.def)             Requested size: 426.79134pt x 111.66609pt.

LaTeX Warning: Reference `tb:description_events_ingestion_station_schedule' on page 21 undefined on input line 35.

[21 <../fig/structure_ingestion_station_schedule.png>]
Overfull \hbox (2.48976pt too wide) in paragraph at lines 39--39
 []|\T1/cmr/bx/n/12 Gauge 
 []


Underfull \vbox (badness 10000) detected at line 44
 []

[22

]) (./ingestion_dfep_schedule.tex

LaTeX Warning: Reference `fg:structure_ingestion_dfep_schedule' on page 23 undefined on input line 25.

<../fig/structure_ingestion_dfep_schedule.png, id=243, 625.33624pt x 163.61125pt>
File: ../fig/structure_ingestion_dfep_schedule.png Graphic file (type png)
<use ../fig/structure_ingestion_dfep_schedule.png>
Package pdftex.def Info: ../fig/structure_ingestion_dfep_schedule.png  used on input line 29.
(pdftex.def)             Requested size: 426.79134pt x 111.66609pt.

LaTeX Warning: Reference `tb:description_events_ingestion_dfep_schedule' on page 23 undefined on input line 35.

[23

 <../fig/structure_ingestion_dfep_schedule.png>]
Overfull \hbox (2.48976pt too wide) in paragraph at lines 39--39
 []|\T1/cmr/bx/n/12 Gauge 
 []


Underfull \vbox (badness 10000) detected at line 44
 []

[24

]) (./ingestion_slot_request_edrs.tex
Underfull \hbox (badness 10000) in paragraph at lines 9--10
[]\T1/cmr/bx/n/12 s2boa.ingestions.ingestion_ slot_ re-quest_ edrs.ingestion_ slot_ re-quest_
 []


LaTeX Warning: Reference `fg:structure_ingestion_slot_request_edrs' on page 25 undefined on input line 25.

<../fig/structure_ingestion_slot_request_edrs.png, id=260, 625.33624pt x 263.98625pt>
File: ../fig/structure_ingestion_slot_request_edrs.png Graphic file (type png)
<use ../fig/structure_ingestion_slot_request_edrs.png>
Package pdftex.def Info: ../fig/structure_ingestion_slot_request_edrs.png  used on input line 29.
(pdftex.def)             Requested size: 426.79134pt x 180.1729pt.

LaTeX Warning: Reference `tb:description_events_ingestion_slot_request_edrs' on page 25 undefined on input line 35.

[25

 <../fig/structure_ingestion_slot_request_edrs.png>] [26]
Overfull \hbox (2.48976pt too wide) in paragraph at lines 39--39
 []|\T1/cmr/bx/n/12 Gauge 
 []


Underfull \vbox (badness 10000) detected at line 45
 []

[27

]) (./ingestion_dfep_acquisition.tex

LaTeX Warning: Reference `fg:structure_ingestion_dfep_acquisition' on page 28 undefined on input line 27.

<../fig/structure_ingestion_dfep_acquisition.png, id=285, 1108.14pt x 1267.73625pt>
File: ../fig/structure_ingestion_dfep_acquisition.png Graphic file (type png)
<use ../fig/structure_ingestion_dfep_acquisition.png>
Package pdftex.def Info: ../fig/structure_ingestion_dfep_acquisition.png  used on input line 31.
(pdftex.def)             Requested size: 426.79134pt x 488.26373pt.
[28

]

LaTeX Warning: Reference `tb:description_events_ingestion_dfep_acquisition' on page 29 undefined on input line 37.

[29 <../fig/structure_ingestion_dfep_acquisition.png>]
Overfull \hbox (2.48976pt too wide) in paragraph at lines 41--41
 []|\T1/cmr/bx/n/12 Gauge 
 []


Underfull \vbox (badness 10000) detected at line 68
 []

[30

] [31] [32] [33] [34] [35] [36]) (./ingestion_eisp.tex

LaTeX Warning: Reference `fg:structure_ingestion_eisp' on page 37 undefined on input line 29.

<../fig/structure_ingestion_eisp.png, id=371, 1028.84375pt x 1097.09875pt>
File: ../fig/structure_ingestion_eisp.png Graphic file (type png)
<use ../fig/structure_ingestion_eisp.png>
Package pdftex.def Info: ../fig/structure_ingestion_eisp.png  used on input line 33.
(pdftex.def)             Requested size: 426.79134pt x 455.10336pt.
[37

]

LaTeX Warning: Reference `tb:description_events_ingestion_eisp' on page 38 undefined on input line 39.

[38 <../fig/structure_ingestion_eisp.png>]
Overfull \hbox (2.48976pt too wide) in paragraph at lines 43--43
 []|\T1/cmr/bx/n/12 Gauge 
 []


Underfull \vbox (badness 10000) detected at line 65
 []

[39

] [40] [41] [42] [43] [44] [45]) (./ingestion_ophktm.tex

LaTeX Warning: Reference `tb:description_explicit_reference_ingestion_ophktm' on page 46 undefined on input line 21.


Underfull \vbox (badness 10000) detected at line 28
 []


LaTeX Warning: Reference `fg:structure_ingestion_ophktm_events' on page 46 undefined on input line 30.

<../fig/structure_ingestion_ophktm_events.png, id=449, 464.73625pt x 223.83624pt>
File: ../fig/structure_ingestion_ophktm_events.png Graphic file (type png)
<use ../fig/structure_ingestion_ophktm_events.png>
Package pdftex.def Info: ../fig/structure_ingestion_ophktm_events.png  used on input line 34.
(pdftex.def)             Requested size: 325.31316pt x 156.6843pt.

LaTeX Warning: Reference `tb:description_events_ingestion_ophktm' on page 46 undefined on input line 42.

[46

 <../fig/structure_ingestion_ophktm_events.png>]
Overfull \hbox (2.48976pt too wide) in paragraph at lines 46--46
 []|\T1/cmr/bx/n/12 Gauge 
 []


Underfull \vbox (badness 10000) detected at line 50
 []

[47

]

LaTeX Warning: Reference `fg:structure_ingestion_ophktm_annotations' on page 48 undefined on input line 53.

<../fig/structure_ingestion_ophktm_annotations.png, id=463, 223.83624pt x 113.42375pt>
File: ../fig/structure_ingestion_ophktm_annotations.png Graphic file (type png)
<use ../fig/structure_ingestion_ophktm_annotations.png>
Package pdftex.def Info: ../fig/structure_ingestion_ophktm_annotations.png  used on input line 57.
(pdftex.def)             Requested size: 156.6843pt x 79.39607pt.

LaTeX Warning: Reference `tb:description_annotations_ingestion_ophktm' on page 48 undefined on input line 65.


Overfull \hbox (5.92738pt too wide) in paragraph at lines 68--68
 []|\T1/cmr/bx/n/12 Insertion 
 []


Overfull \hbox (9.5597pt too wide) in paragraph at lines 69--69
 []|\T1/cmr/bx/n/12 ACQUISITION_ 
 []


Overfull \hbox (7.15347pt too wide) in paragraph at lines 69--69
 []|\T1/cmr/m/n/12 SIMPLE_ 
 []


Underfull \vbox (badness 10000) detected at line 72
 []

) (./ingestion_tlm_req_b.tex

LaTeX Warning: Reference `fig:structure_ingestion_tlm_req_b' on page 48 undefined on input line 17.

<../fig/structure_ingestion_tlm_req_b.png, id=465, 1061.9675pt x 484.81125pt>
File: ../fig/structure_ingestion_tlm_req_b.png Graphic file (type png)
<use ../fig/structure_ingestion_tlm_req_b.png>
Package pdftex.def Info: ../fig/structure_ingestion_tlm_req_b.png  used on input line 21.
(pdftex.def)             Requested size: 483.69684pt x 220.81879pt.

Overfull \hbox (15.36446pt too wide) in paragraph at lines 21--22
 [] 
 []

[48

 <../fig/structure_ingestion_ophktm_annotations.png>]

LaTeX Warning: Reference `tb:description_events_ingestion_tlm_req_b' on page 49 undefined on input line 27.

[49 <../fig/structure_ingestion_tlm_req_b.png>]
Overfull \hbox (2.48976pt too wide) in paragraph at lines 30--30
 []|\T1/cmr/bx/n/12 Gauge 
 []


Overfull \hbox (5.57765pt too wide) in paragraph at lines 32--32
 []|\T1/cmr/bx/n/12 DISCREPANCY_ 
 []


Overfull \hbox (5.57765pt too wide) in paragraph at lines 34--34
 []|\T1/cmr/bx/n/12 DISCREPANCY_ 
 []


Overfull \hbox (5.57765pt too wide) in paragraph at lines 36--36
 []|\T1/cmr/bx/n/12 DISCREPANCY_ 
 []


Underfull \vbox (badness 10000) detected at line 45
 []

[50

] [51] [52])) (./s2boa_code_documentation.tex
Chapter 4.
./s2boa_code_documentation.tex:13: Undefined control sequence.
l.13 ...e REP\_OPAI files of Sentinel\sphinxhyphen
                                                  {}2
The control sequence at the end of the top line
of your error message was never \def'ed. If you have
misspelled it (e.g., `\hobx'), type `I' and the correct
spelling (e.g., `I\hbox'). Otherwise just continue,
and I'll forget about whatever was undefined.

LaTeX Font Info:    Trying to load font information for T1+cmtt on input line 21.
(/usr/share/texlive/texmf-dist/tex/latex/base/t1cmtt.fd
File: t1cmtt.fd 2019/12/16 v2.5j Standard LaTeX font definitions
)
LaTeX Font Info:    Font shape `T1/cmtt/bx/n' in size <12> not available
(Font)              Font shape `T1/cmtt/m/n' tried instead on input line 21.

./s2boa_code_documentation.tex:48: Undefined control sequence.
l.48 ... REP\_OPDAM files of Sentinel\sphinxhyphen
                                                  {}2
The control sequence at the end of the top line
of your error message was never \def'ed. If you have
misspelled it (e.g., `\hobx'), type `I' and the correct
spelling (e.g., `I\hbox'). Otherwise just continue,
and I'll forget about whatever was undefined.


Underfull \hbox (badness 10000) in paragraph at lines 56--56
[]\T1/cmr/m/it/12 file_ path\T1/cmr/m/n/12 , \T1/cmr/m/it/12 en-
 []


Underfull \hbox (badness 10000) in paragraph at lines 56--56
\T1/cmr/m/it/12 gine\T1/cmr/m/n/12 , \T1/cmr/m/it/12 query\T1/cmr/m/n/12 ,
 []


Underfull \hbox (badness 10000) in paragraph at lines 56--56
\T1/cmr/m/it/12 re-cep-tion_
 []

[53


]
Underfull \hbox (badness 10000) in paragraph at lines 81--81
|[][]\T1/cmss/bx/n/12 s2boa.ingestions.ingestion_ dfep_ ac-qui-si-tion.ingestion_ dfep_ ac-qui-si-tion
 []

./s2boa_code_documentation.tex:83: Undefined control sequence.
l.83 ...\_PASS\_2|5 files of Sentinel\sphinxhyphen
                                                  {}2
The control sequence at the end of the top line
of your error message was never \def'ed. If you have
misspelled it (e.g., `\hobx'), type `I' and the correct
spelling (e.g., `I\hbox'). Otherwise just continue,
and I'll forget about whatever was undefined.


Overfull \hbox (103.60982pt too wide) in paragraph at lines 91--91
[]\T1/cmr/m/it/12 file_
 []


Overfull \hbox (104.17355pt too wide) in paragraph at lines 91--91
\T1/cmr/m/it/12 path\T1/cmr/m/n/12 ,
 []


Overfull \hbox (95.81172pt too wide) in paragraph at lines 91--91
\T1/cmr/m/it/12 en-
 []


Overfull \hbox (103.87363pt too wide) in paragraph at lines 91--91
\T1/cmr/m/it/12 gine\T1/cmr/m/n/12 ,
 []


Overfull \hbox (110.62198pt too wide) in paragraph at lines 91--91
\T1/cmr/m/it/12 query\T1/cmr/m/n/12 ,
 []


Overfull \hbox (93.56227pt too wide) in paragraph at lines 91--91
\T1/cmr/m/it/12 re-
 []


Overfull \hbox (100.0107pt too wide) in paragraph at lines 91--91
\T1/cmr/m/it/12 cep-
 []


Overfull \hbox (108.70857pt too wide) in paragraph at lines 91--91
\T1/cmr/m/it/12 tion_
 []


Overfull \hbox (109.18066pt too wide) in paragraph at lines 91--91
\T1/cmr/m/it/12 time\T1/cmtt/m/n/12 ) 
 []

./s2boa_code_documentation.tex:118: Undefined control sequence.
l.118 ...P schedule files of Sentinel\sphinxhyphen
                                                  {}2
The control sequence at the end of the top line
of your error message was never \def'ed. If you have
misspelled it (e.g., `\hobx'), type `I' and the correct
spelling (e.g., `I\hbox'). Otherwise just continue,
and I'll forget about whatever was undefined.

[54]
Overfull \hbox (66.56886pt too wide) in paragraph at lines 126--126
[]\T1/cmr/m/it/12 file_
 []


Overfull \hbox (67.1326pt too wide) in paragraph at lines 126--126
\T1/cmr/m/it/12 path\T1/cmr/m/n/12 ,
 []


Overfull \hbox (58.77077pt too wide) in paragraph at lines 126--126
\T1/cmr/m/it/12 en-
 []


Overfull \hbox (66.83267pt too wide) in paragraph at lines 126--126
\T1/cmr/m/it/12 gine\T1/cmr/m/n/12 ,
 []


Overfull \hbox (73.58102pt too wide) in paragraph at lines 126--126
\T1/cmr/m/it/12 query\T1/cmr/m/n/12 ,
 []


Overfull \hbox (56.52132pt too wide) in paragraph at lines 126--126
\T1/cmr/m/it/12 re-
 []


Overfull \hbox (62.96974pt too wide) in paragraph at lines 126--126
\T1/cmr/m/it/12 cep-
 []


Overfull \hbox (71.66762pt too wide) in paragraph at lines 126--126
\T1/cmr/m/it/12 tion_
 []


Overfull \hbox (72.13971pt too wide) in paragraph at lines 126--126
\T1/cmr/m/it/12 time\T1/cmtt/m/n/12 ) 
 []

./s2boa_code_documentation.tex:153: Undefined control sequence.
l.153 ...EP\_OPDHUS files of Sentinel\sphinxhyphen
                                                  {}2
The control sequence at the end of the top line
of your error message was never \def'ed. If you have
misspelled it (e.g., `\hobx'), type `I' and the correct
spelling (e.g., `I\hbox'). Otherwise just continue,
and I'll forget about whatever was undefined.


Underfull \hbox (badness 5592) in paragraph at lines 161--161
\T1/cmr/m/it/12 gine\T1/cmr/m/n/12 , \T1/cmr/m/it/12 query\T1/cmr/m/n/12 ,
 []


Underfull \hbox (badness 10000) in paragraph at lines 161--161
\T1/cmr/m/it/12 re-cep-tion_
 []

./s2boa_code_documentation.tex:188: Undefined control sequence.
l.188 ...or the DPC files of Sentinel\sphinxhyphen
                                                  {}2
The control sequence at the end of the top line
of your error message was never \def'ed. If you have
misspelled it (e.g., `\hobx'), type `I' and the correct
spelling (e.g., `I\hbox'). Otherwise just continue,
and I'll forget about whatever was undefined.

[55]
Underfull \hbox (badness 10000) in paragraph at lines 196--196
[]\T1/cmr/m/it/12 file_ path\T1/cmr/m/n/12 , \T1/cmr/m/it/12 en-
 []


Underfull \hbox (badness 10000) in paragraph at lines 196--196
\T1/cmr/m/it/12 gine\T1/cmr/m/n/12 , \T1/cmr/m/it/12 query\T1/cmr/m/n/12 ,
 []


Underfull \hbox (badness 10000) in paragraph at lines 196--196
\T1/cmr/m/it/12 re-cep-tion_
 []


Underfull \hbox (badness 10000) in paragraph at lines 196--196
\T1/cmr/m/it/12 time\T1/cmr/m/n/12 , \T1/cmr/m/it/12 wait_
 []


Underfull \hbox (badness 10000) in paragraph at lines 196--196
\T1/cmr/m/it/12 pre-vi-ous_
 []


Underfull \hbox (badness 10000) in paragraph at lines 221--221
|[][]\T1/cmss/bx/n/12 s2boa.ingestions.ingestion_ edrs_ ac-qui-si-tion.ingestion_ edrs_ ac-qui-si-tion
 []

./s2boa_code_documentation.tex:223: Undefined control sequence.
l.223 ...SS\_E\_VGS files of Sentinel\sphinxhyphen
                                                  {}2
The control sequence at the end of the top line
of your error message was never \def'ed. If you have
misspelled it (e.g., `\hobx'), type `I' and the correct
spelling (e.g., `I\hbox'). Otherwise just continue,
and I'll forget about whatever was undefined.


Overfull \hbox (103.60982pt too wide) in paragraph at lines 231--231
[]\T1/cmr/m/it/12 file_
 []


Overfull \hbox (104.17355pt too wide) in paragraph at lines 231--231
\T1/cmr/m/it/12 path\T1/cmr/m/n/12 ,
 []


Overfull \hbox (95.81172pt too wide) in paragraph at lines 231--231
\T1/cmr/m/it/12 en-
 []


Overfull \hbox (103.87363pt too wide) in paragraph at lines 231--231
\T1/cmr/m/it/12 gine\T1/cmr/m/n/12 ,
 []


Overfull \hbox (110.62198pt too wide) in paragraph at lines 231--231
\T1/cmr/m/it/12 query\T1/cmr/m/n/12 ,
 []


Overfull \hbox (93.56227pt too wide) in paragraph at lines 231--231
\T1/cmr/m/it/12 re-
 []


Overfull \hbox (100.0107pt too wide) in paragraph at lines 231--231
\T1/cmr/m/it/12 cep-
 []


Overfull \hbox (108.70857pt too wide) in paragraph at lines 231--231
\T1/cmr/m/it/12 tion_
 []


Overfull \hbox (109.18066pt too wide) in paragraph at lines 231--231
\T1/cmr/m/it/12 time\T1/cmtt/m/n/12 ) 
 []

./s2boa_code_documentation.tex:258: Undefined control sequence.
l.258 ...REP\_OPLTA files of Sentinel\sphinxhyphen
                                                  {}2
The control sequence at the end of the top line
of your error message was never \def'ed. If you have
misspelled it (e.g., `\hobx'), type `I' and the correct
spelling (e.g., `I\hbox'). Otherwise just continue,
and I'll forget about whatever was undefined.

[56]
Underfull \hbox (badness 10000) in paragraph at lines 266--266
[]\T1/cmr/m/it/12 file_ path\T1/cmr/m/n/12 , \T1/cmr/m/it/12 en-
 []


Underfull \hbox (badness 10000) in paragraph at lines 266--266
\T1/cmr/m/it/12 gine\T1/cmr/m/n/12 , \T1/cmr/m/it/12 query\T1/cmr/m/n/12 ,
 []


Underfull \hbox (badness 10000) in paragraph at lines 266--266
\T1/cmr/m/it/12 re-cep-tion_
 []

./s2boa_code_documentation.tex:293: Undefined control sequence.
l.293 ...EP\_OPLTAS files of Sentinel\sphinxhyphen
                                                  {}2
The control sequence at the end of the top line
of your error message was never \def'ed. If you have
misspelled it (e.g., `\hobx'), type `I' and the correct
spelling (e.g., `I\hbox'). Otherwise just continue,
and I'll forget about whatever was undefined.


Underfull \hbox (badness 5592) in paragraph at lines 301--301
\T1/cmr/m/it/12 gine\T1/cmr/m/n/12 , \T1/cmr/m/it/12 query\T1/cmr/m/n/12 ,
 []


Underfull \hbox (badness 10000) in paragraph at lines 301--301
\T1/cmr/m/it/12 re-cep-tion_
 []

./s2boa_code_documentation.tex:328: Undefined control sequence.
l.328 ...r the NPPF files of Sentinel\sphinxhyphen
                                                  {}2
The control sequence at the end of the top line
of your error message was never \def'ed. If you have
misspelled it (e.g., `\hobx'), type `I' and the correct
spelling (e.g., `I\hbox'). Otherwise just continue,
and I'll forget about whatever was undefined.


Underfull \hbox (badness 5592) in paragraph at lines 336--336
\T1/cmr/m/it/12 gine\T1/cmr/m/n/12 , \T1/cmr/m/it/12 query\T1/cmr/m/n/12 ,
 []


Underfull \hbox (badness 10000) in paragraph at lines 336--336
\T1/cmr/m/it/12 re-cep-tion_
 []

[57]
./s2boa_code_documentation.tex:363: Undefined control sequence.
l.363 ...the ORBPRE files of Sentinel\sphinxhyphen
                                                  {}2
The control sequence at the end of the top line
of your error message was never \def'ed. If you have
misspelled it (e.g., `\hobx'), type `I' and the correct
spelling (e.g., `I\hbox'). Otherwise just continue,
and I'll forget about whatever was undefined.


Overfull \hbox (29.0169pt too wide) in paragraph at lines 371--371
[]\T1/cmr/m/it/12 angle\T1/cmr/m/n/12 ,
 []


Overfull \hbox (14.50658pt too wide) in paragraph at lines 371--371
\T1/cmr/m/it/12 or-
 []


Overfull \hbox (30.25273pt too wide) in paragraph at lines 371--371
\T1/cmr/m/it/12 bital_
 []


Overfull \hbox (14.35661pt too wide) in paragraph at lines 371--371
\T1/cmr/m/it/12 pe-
 []


Overfull \hbox (22.56848pt too wide) in paragraph at lines 371--371
\T1/cmr/m/it/12 riod\T1/cmr/m/n/12 ,
 []


Overfull \hbox (14.35661pt too wide) in paragraph at lines 371--371
\T1/cmr/m/it/12 as-
 []


Overfull \hbox (26.35368pt too wide) in paragraph at lines 371--371
\T1/cmr/m/it/12 cend-
 []


Overfull \hbox (23.95427pt too wide) in paragraph at lines 371--371
\T1/cmr/m/it/12 ing_
 []


Overfull \hbox (31.75237pt too wide) in paragraph at lines 371--371
\T1/cmr/m/it/12 node_
 []


Overfull \hbox (28.92526pt too wide) in paragraph at lines 371--371
\T1/cmr/m/it/12 time\T1/cmtt/m/n/12 ) 
 []


Underfull \hbox (badness 10000) in paragraph at lines 377--377
[]\T1/cmr/m/it/12 file_
 []


Underfull \hbox (badness 10000) in paragraph at lines 377--377
\T1/cmr/m/it/12 path\T1/cmr/m/n/12 ,
 []


Underfull \hbox (badness 10000) in paragraph at lines 377--377
\T1/cmr/m/it/12 en-gine\T1/cmr/m/n/12 ,
 []


Underfull \hbox (badness 10000) in paragraph at lines 377--377
\T1/cmr/m/it/12 query\T1/cmr/m/n/12 ,
 []


Underfull \hbox (badness 10000) in paragraph at lines 377--377
\T1/cmr/m/it/12 re-cep-
 []


Underfull \hbox (badness 10000) in paragraph at lines 377--377
\T1/cmr/m/it/12 tion_
 []

[58]
./s2boa_code_documentation.tex:404: Undefined control sequence.
l.404 ...e REP\_ARC files of Sentinel\sphinxhyphen
                                                  {}2
The control sequence at the end of the top line
of your error message was never \def'ed. If you have
misspelled it (e.g., `\hobx'), type `I' and the correct
spelling (e.g., `I\hbox'). Otherwise just continue,
and I'll forget about whatever was undefined.


Underfull \hbox (badness 10000) in paragraph at lines 412--412
[]\T1/cmr/m/it/12 file_
 []


Underfull \hbox (badness 10000) in paragraph at lines 412--412
\T1/cmr/m/it/12 path\T1/cmr/m/n/12 ,
 []


Underfull \hbox (badness 10000) in paragraph at lines 412--412
\T1/cmr/m/it/12 en-
 []


Underfull \hbox (badness 10000) in paragraph at lines 412--412
\T1/cmr/m/it/12 gine\T1/cmr/m/n/12 ,
 []


Underfull \hbox (badness 10000) in paragraph at lines 412--412
\T1/cmr/m/it/12 query\T1/cmr/m/n/12 ,
 []


Underfull \hbox (badness 10000) in paragraph at lines 412--412
\T1/cmr/m/it/12 re-cep-
 []


Underfull \hbox (badness 10000) in paragraph at lines 412--412
\T1/cmr/m/it/12 tion_
 []


Underfull \hbox (badness 10000) in paragraph at lines 412--412
\T1/cmr/m/it/12 time\T1/cmr/m/n/12 ,
 []


Underfull \hbox (badness 10000) in paragraph at lines 412--412
\T1/cmr/m/it/12 wait_
 []


Underfull \hbox (badness 10000) in paragraph at lines 412--412
\T1/cmr/m/it/12 pre-vi-
 []


Underfull \hbox (badness 10000) in paragraph at lines 412--412
\T1/cmr/m/it/12 ous_
 []


Underfull \hbox (badness 10000) in paragraph at lines 412--412
\T1/cmr/m/it/12 lev-
 []


Overfull \hbox (21.90198pt too wide) in paragraph at lines 412--412
\T1/cmr/m/it/12 els=True\T1/cmtt/m/n/12 ) 
 []


Underfull \hbox (badness 10000) in paragraph at lines 437--437
|[][]\T1/cmss/bx/n/12 s2boa.ingestions.ingestion_ slot_ re-quest_ edrs.ingestion_ slot_ re-quest_
 []

./s2boa_code_documentation.tex:439: Undefined control sequence.
l.439 ...or unit A) files of Sentinel\sphinxhyphen
                                                  {}2
The control sequence at the end of the top line
of your error message was never \def'ed. If you have
misspelled it (e.g., `\hobx'), type `I' and the correct
spelling (e.g., `I\hbox'). Otherwise just continue,
and I'll forget about whatever was undefined.


Overfull \hbox (115.9568pt too wide) in paragraph at lines 447--447
[]\T1/cmr/m/it/12 file_
 []


Overfull \hbox (116.52054pt too wide) in paragraph at lines 447--447
\T1/cmr/m/it/12 path\T1/cmr/m/n/12 ,
 []


Overfull \hbox (108.1587pt too wide) in paragraph at lines 447--447
\T1/cmr/m/it/12 en-
 []


Overfull \hbox (116.22061pt too wide) in paragraph at lines 447--447
\T1/cmr/m/it/12 gine\T1/cmr/m/n/12 ,
 []


Overfull \hbox (122.96896pt too wide) in paragraph at lines 447--447
\T1/cmr/m/it/12 query\T1/cmr/m/n/12 ,
 []


Overfull \hbox (105.90926pt too wide) in paragraph at lines 447--447
\T1/cmr/m/it/12 re-
 []


Overfull \hbox (112.35768pt too wide) in paragraph at lines 447--447
\T1/cmr/m/it/12 cep-
 []


Overfull \hbox (121.05556pt too wide) in paragraph at lines 447--447
\T1/cmr/m/it/12 tion_
 []


Overfull \hbox (121.52765pt too wide) in paragraph at lines 447--447
\T1/cmr/m/it/12 time\T1/cmtt/m/n/12 ) 
 []

[59]
Underfull \hbox (badness 10000) in paragraph at lines 472--472
|[][]\T1/cmss/bx/n/12 s2boa.ingestions.ingestion_ sta-tion_ ac-qui-si-tion_ re-port.ingestion_ sta-
 []


Overfull \hbox (227.07967pt too wide) in paragraph at lines 482--482
[]\T1/cmr/m/it/12 file_
 []


Overfull \hbox (227.6434pt too wide) in paragraph at lines 482--482
\T1/cmr/m/it/12 path\T1/cmr/m/n/12 ,
 []


Overfull \hbox (219.28157pt too wide) in paragraph at lines 482--482
\T1/cmr/m/it/12 en-
 []


Overfull \hbox (227.34348pt too wide) in paragraph at lines 482--482
\T1/cmr/m/it/12 gine\T1/cmr/m/n/12 ,
 []


Overfull \hbox (234.09183pt too wide) in paragraph at lines 482--482
\T1/cmr/m/it/12 query\T1/cmr/m/n/12 ,
 []


Overfull \hbox (217.03212pt too wide) in paragraph at lines 482--482
\T1/cmr/m/it/12 re-
 []


Overfull \hbox (223.48055pt too wide) in paragraph at lines 482--482
\T1/cmr/m/it/12 cep-
 []


Overfull \hbox (232.17842pt too wide) in paragraph at lines 482--482
\T1/cmr/m/it/12 tion_
 []


Overfull \hbox (232.65051pt too wide) in paragraph at lines 482--482
\T1/cmr/m/it/12 time\T1/cmtt/m/n/12 ) 
 []


Underfull \hbox (badness 10000) in paragraph at lines 507--507
|[][]\T1/cmss/bx/n/12 s2boa.ingestions.ingestion_ sta-tion_ sched-ule.ingestion_ sta-tion_ sched-ule
 []

./s2boa_code_documentation.tex:509: Undefined control sequence.
l.509 ...n schedule files of Sentinel\sphinxhyphen
                                                  {}2
The control sequence at the end of the top line
of your error message was never \def'ed. If you have
misspelled it (e.g., `\hobx'), type `I' and the correct
spelling (e.g., `I\hbox'). Otherwise just continue,
and I'll forget about whatever was undefined.

[60]
Overfull \hbox (103.60982pt too wide) in paragraph at lines 517--517
[]\T1/cmr/m/it/12 file_
 []


Overfull \hbox (104.17355pt too wide) in paragraph at lines 517--517
\T1/cmr/m/it/12 path\T1/cmr/m/n/12 ,
 []


Overfull \hbox (95.81172pt too wide) in paragraph at lines 517--517
\T1/cmr/m/it/12 en-
 []


Overfull \hbox (103.87363pt too wide) in paragraph at lines 517--517
\T1/cmr/m/it/12 gine\T1/cmr/m/n/12 ,
 []


Overfull \hbox (110.62198pt too wide) in paragraph at lines 517--517
\T1/cmr/m/it/12 query\T1/cmr/m/n/12 ,
 []


Overfull \hbox (93.56227pt too wide) in paragraph at lines 517--517
\T1/cmr/m/it/12 re-
 []


Overfull \hbox (100.0107pt too wide) in paragraph at lines 517--517
\T1/cmr/m/it/12 cep-
 []


Overfull \hbox (108.70857pt too wide) in paragraph at lines 517--517
\T1/cmr/m/it/12 tion_
 []


Overfull \hbox (109.18066pt too wide) in paragraph at lines 517--517
\T1/cmr/m/it/12 time\T1/cmtt/m/n/12 ) 
 []


LaTeX Warning: Hyper reference `s2boa.ingestions:s2boa.ingestions.errors.Error' on page 61 undefined on input line 553.


Overfull \hbox (10.7797pt too wide) in paragraph at lines 567--567
[]\T1/cmr/m/it/12 message\T1/cmtt/m/n/12 ) 
 []


LaTeX Warning: Hyper reference `s2boa.ingestions:s2boa.ingestions.errors.Error' on page 61 undefined on input line 568.

./s2boa_code_documentation.tex:593: Undefined control sequence.
l.593 ...ctions. of files of Sentinel\sphinxhyphen
                                                  {}2
The control sequence at the end of the top line
of your error message was never \def'ed. If you have
misspelled it (e.g., `\hobx'), type `I' and the correct
spelling (e.g., `I\hbox'). Otherwise just continue,
and I'll forget about whatever was undefined.

[61]
Underfull \hbox (badness 10000) in paragraph at lines 601--601
[]\T1/cmr/m/it/12 source\T1/cmr/m/n/12 , \T1/cmr/m/it/12 en-gine\T1/cmr/m/n/12 , \T1/cmr/m/it/12 query\T1/cmr/m/n/12 ,
 []


Underfull \hbox (badness 10000) in paragraph at lines 601--601
\T1/cmr/m/it/12 gran-ule_ time-line\T1/cmr/m/n/12 , \T1/cmr/m/it/12 list_
 []


Underfull \hbox (badness 10000) in paragraph at lines 601--601
\T1/cmr/m/it/12 of_ events\T1/cmr/m/n/12 , \T1/cmr/m/it/12 datas-trip\T1/cmr/m/n/12 ,
 []


Underfull \hbox (badness 10000) in paragraph at lines 601--601
\T1/cmr/m/it/12 gran-ule_ time-line_ per_
 []


Underfull \hbox (badness 10000) in paragraph at lines 601--601
\T1/cmr/m/it/12 de-tec-tor\T1/cmr/m/n/12 , \T1/cmr/m/it/12 list_ of_ op-er-
 []


Underfull \hbox (badness 5622) in paragraph at lines 653--653
\T1/cmr/m/it/12 of_ events\T1/cmr/m/n/12 , \T1/cmr/m/it/12 pro-cess-ing_ va-lid-
 []

[62]
Underfull \hbox (badness 10000) in paragraph at lines 705--705
[]\T1/cmr/m/it/12 start_ events\T1/cmr/m/n/12 , \T1/cmr/m/it/12 stop_ events\T1/cmr/m/n/12 ,
 []


Overfull \hbox (15.37857pt too wide) in paragraph at lines 713--713
[]\T1/cmr/m/it/12 date\T1/cmtt/m/n/12 ) 
 []


Underfull \hbox (badness 10000) in paragraph at lines 755--755
[]\T1/cmr/m/it/12 list_ of_
 []


Underfull \hbox (badness 10000) in paragraph at lines 755--755
\T1/cmr/m/it/12 co-or-di-
 []


Underfull \hbox (badness 10000) in paragraph at lines 773--773
[]\T1/cmr/m/it/12 list_
 []


Underfull \hbox (badness 10000) in paragraph at lines 773--773
\T1/cmr/m/it/12 of_
 []


Underfull \hbox (badness 10000) in paragraph at lines 773--773
\T1/cmr/m/it/12 co-or-di-
 []

[63]
./s2boa_code_documentation.tex:812: Undefined control sequence.
l.812 0\sphinxhyphen
                    {}15           12
The control sequence at the end of the top line
of your error message was never \def'ed. If you have
misspelled it (e.g., `\hobx'), type `I' and the correct
spelling (e.g., `I\hbox'). Otherwise just continue,
and I'll forget about whatever was undefined.

./s2boa_code_documentation.tex:813: Undefined control sequence.
l.813 16\sphinxhyphen
                     {}31           11
The control sequence at the end of the top line
of your error message was never \def'ed. If you have
misspelled it (e.g., `\hobx'), type `I' and the correct
spelling (e.g., `I\hbox'). Otherwise just continue,
and I'll forget about whatever was undefined.

./s2boa_code_documentation.tex:814: Undefined control sequence.
l.814 32\sphinxhyphen
                     {}47           10
The control sequence at the end of the top line
of your error message was never \def'ed. If you have
misspelled it (e.g., `\hobx'), type `I' and the correct
spelling (e.g., `I\hbox'). Otherwise just continue,
and I'll forget about whatever was undefined.

./s2boa_code_documentation.tex:815: Undefined control sequence.
l.815 48\sphinxhyphen
                     {}63           9
The control sequence at the end of the top line
of your error message was never \def'ed. If you have
misspelled it (e.g., `\hobx'), type `I' and the correct
spelling (e.g., `I\hbox'). Otherwise just continue,
and I'll forget about whatever was undefined.

./s2boa_code_documentation.tex:816: Undefined control sequence.
l.816 64\sphinxhyphen
                     {}79           8
The control sequence at the end of the top line
of your error message was never \def'ed. If you have
misspelled it (e.g., `\hobx'), type `I' and the correct
spelling (e.g., `I\hbox'). Otherwise just continue,
and I'll forget about whatever was undefined.

./s2boa_code_documentation.tex:817: Undefined control sequence.
l.817 80\sphinxhyphen
                     {}95           7
The control sequence at the end of the top line
of your error message was never \def'ed. If you have
misspelled it (e.g., `\hobx'), type `I' and the correct
spelling (e.g., `I\hbox'). Otherwise just continue,
and I'll forget about whatever was undefined.

./s2boa_code_documentation.tex:819: Undefined control sequence.
l.819 256\sphinxhyphen
                      {}271           6
The control sequence at the end of the top line
of your error message was never \def'ed. If you have
misspelled it (e.g., `\hobx'), type `I' and the correct
spelling (e.g., `I\hbox'). Otherwise just continue,
and I'll forget about whatever was undefined.

./s2boa_code_documentation.tex:820: Undefined control sequence.
l.820 272\sphinxhyphen
                      {}287           5
The control sequence at the end of the top line
of your error message was never \def'ed. If you have
misspelled it (e.g., `\hobx'), type `I' and the correct
spelling (e.g., `I\hbox'). Otherwise just continue,
and I'll forget about whatever was undefined.

./s2boa_code_documentation.tex:821: Undefined control sequence.
l.821 288\sphinxhyphen
                      {}303           4
The control sequence at the end of the top line
of your error message was never \def'ed. If you have
misspelled it (e.g., `\hobx'), type `I' and the correct
spelling (e.g., `I\hbox'). Otherwise just continue,
and I'll forget about whatever was undefined.

./s2boa_code_documentation.tex:822: Undefined control sequence.
l.822 304\sphinxhyphen
                      {}319           3
The control sequence at the end of the top line
of your error message was never \def'ed. If you have
misspelled it (e.g., `\hobx'), type `I' and the correct
spelling (e.g., `I\hbox'). Otherwise just continue,
and I'll forget about whatever was undefined.

./s2boa_code_documentation.tex:823: Undefined control sequence.
l.823 320\sphinxhyphen
                      {}335           2
The control sequence at the end of the top line
of your error message was never \def'ed. If you have
misspelled it (e.g., `\hobx'), type `I' and the correct
spelling (e.g., `I\hbox'). Otherwise just continue,
and I'll forget about whatever was undefined.

./s2boa_code_documentation.tex:824: Undefined control sequence.
l.824 336\sphinxhyphen
                      {}351           1
The control sequence at the end of the top line
of your error message was never \def'ed. If you have
misspelled it (e.g., `\hobx'), type `I' and the correct
spelling (e.g., `I\hbox'). Otherwise just continue,
and I'll forget about whatever was undefined.

./s2boa_code_documentation.tex:877: Undefined control sequence.
l.877 2\sphinxhyphen
                    {}4           143            10
The control sequence at the end of the top line
of your error message was never \def'ed. If you have
misspelled it (e.g., `\hobx'), type `I' and the correct
spelling (e.g., `I\hbox'). Otherwise just continue,
and I'll forget about whatever was undefined.

./s2boa_code_documentation.tex:878: Undefined control sequence.
l.878 5\sphinxhyphen
                    {}7            71            20
The control sequence at the end of the top line
of your error message was never \def'ed. If you have
misspelled it (e.g., `\hobx'), type `I' and the correct
spelling (e.g., `I\hbox'). Otherwise just continue,
and I'll forget about whatever was undefined.

./s2boa_code_documentation.tex:881: Undefined control sequence.
l.881 9\sphinxhyphen
                    {}10           23            60
The control sequence at the end of the top line
of your error message was never \def'ed. If you have
misspelled it (e.g., `\hobx'), type `I' and the correct
spelling (e.g., `I\hbox'). Otherwise just continue,
and I'll forget about whatever was undefined.

./s2boa_code_documentation.tex:882: Undefined control sequence.
l.882 11\sphinxhyphen
                     {}12          71            20
The control sequence at the end of the top line
of your error message was never \def'ed. If you have
misspelled it (e.g., `\hobx'), type `I' and the correct
spelling (e.g., `I\hbox'). Otherwise just continue,
and I'll forget about whatever was undefined.

[64]
Underfull \hbox (badness 10000) in paragraph at lines 959--959
[]\T1/cmr/m/it/12 session\T1/cmr/m/n/12 , \T1/cmr/m/it/12 source\T1/cmr/m/n/12 ,
 []


Underfull \hbox (badness 10000) in paragraph at lines 965--965
[]\T1/cmr/m/it/12 list_ of_
 []


Underfull \hbox (badness 10000) in paragraph at lines 965--965
\T1/cmr/m/it/12 co-or-di-
 []

./s2boa_code_documentation.tex:991: Undefined control sequence.
l.991 ...e in three letter format (DD\sphinxhyphen
                                                  {}MMM\sphinxhyphen{}YYYY H...
The control sequence at the end of the top line
of your error message was never \def'ed. If you have
misspelled it (e.g., `\hobx'), type `I' and the correct
spelling (e.g., `I\hbox'). Otherwise just continue,
and I'll forget about whatever was undefined.

./s2boa_code_documentation.tex:991: Undefined control sequence.
l.991 ...format (DD\sphinxhyphen{}MMM\sphinxhyphen
                                                  {}YYYY HH:MM:SS.ssssss)
The control sequence at the end of the top line
of your error message was never \def'ed. If you have
misspelled it (e.g., `\hobx'), type `I' and the correct
spelling (e.g., `I\hbox'). Otherwise just continue,
and I'll forget about whatever was undefined.

./s2boa_code_documentation.tex:995: Undefined control sequence.
l.995 date in ISO 8601 format (YYYY\sphinxhyphen
                                                {}MM\sphinxhyphen{}DDTHH:MM:SS)
The control sequence at the end of the top line
of your error message was never \def'ed. If you have
misspelled it (e.g., `\hobx'), type `I' and the correct
spelling (e.g., `I\hbox'). Otherwise just continue,
and I'll forget about whatever was undefined.

./s2boa_code_documentation.tex:995: Undefined control sequence.
l.995 ...ormat (YYYY\sphinxhyphen{}MM\sphinxhyphen
                                                  {}DDTHH:MM:SS)
The control sequence at the end of the top line
of your error message was never \def'ed. If you have
misspelled it (e.g., `\hobx'), type `I' and the correct
spelling (e.g., `I\hbox'). Otherwise just continue,
and I'll forget about whatever was undefined.

./s2boa_code_documentation.tex:1008: Undefined control sequence.
l.1008 ...tions. of files of Sentinel\sphinxhyphen
                                                  {}2 using functions in XPATH
The control sequence at the end of the top line
of your error message was never \def'ed. If you have
misspelled it (e.g., `\hobx'), type `I' and the correct
spelling (e.g., `I\hbox'). Otherwise just continue,
and I'll forget about whatever was undefined.

[65]
Overfull \hbox (2.77332pt too wide) in paragraph at lines 1038--1038
[]\T1/cmr/m/it/12 dummy\T1/cmr/m/n/12 ,
 []

./s2boa_code_documentation.tex:1062: Undefined control sequence.
l.1062 ... in three letter format (DD\sphinxhyphen
                                                  {}MMM\sphinxhyphen{}YYYY H...
The control sequence at the end of the top line
of your error message was never \def'ed. If you have
misspelled it (e.g., `\hobx'), type `I' and the correct
spelling (e.g., `I\hbox'). Otherwise just continue,
and I'll forget about whatever was undefined.

./s2boa_code_documentation.tex:1062: Undefined control sequence.
l.1062 ...ormat (DD\sphinxhyphen{}MMM\sphinxhyphen
                                                  {}YYYY HH:MM:SS.ssssss)
The control sequence at the end of the top line
of your error message was never \def'ed. If you have
misspelled it (e.g., `\hobx'), type `I' and the correct
spelling (e.g., `I\hbox'). Otherwise just continue,
and I'll forget about whatever was undefined.

./s2boa_code_documentation.tex:1066: Undefined control sequence.
l.1066 date in ISO 8601 format (YYYY\sphinxhyphen
                                                 {}MM\sphinxhyphen{}DDTHH:MM...
The control sequence at the end of the top line
of your error message was never \def'ed. If you have
misspelled it (e.g., `\hobx'), type `I' and the correct
spelling (e.g., `I\hbox'). Otherwise just continue,
and I'll forget about whatever was undefined.

./s2boa_code_documentation.tex:1066: Undefined control sequence.
l.1066 ...rmat (YYYY\sphinxhyphen{}MM\sphinxhyphen
                                                  {}DDTHH:MM:SS)
The control sequence at the end of the top line
of your error message was never \def'ed. If you have
misspelled it (e.g., `\hobx'), type `I' and the correct
spelling (e.g., `I\hbox'). Otherwise just continue,
and I'll forget about whatever was undefined.

[66]
./s2boa_code_documentation.tex:1080: Undefined control sequence.
l.1080 \bigletter
                 {s}
The control sequence at the end of the top line
of your error message was never \def'ed. If you have
misspelled it (e.g., `\hobx'), type `I' and the correct
spelling (e.g., `I\hbox'). Otherwise just continue,
and I'll forget about whatever was undefined.


LaTeX Warning: Reference `s2boa.ingestions:module-s2boa.ingestions.errors' on page 67 undefined on input line 1081.


LaTeX Warning: Reference `s2boa.ingestions:module-s2boa.ingestions.functions' on page 67 undefined on input line 1082.


LaTeX Warning: Reference `s2boa.ingestions:module-s2boa.ingestions.ingestion_ai.ingestion_ai' on page 67 undefined on input line 1083.


Underfull \hbox (badness 10000) in paragraph at lines 1083--1084
[]\T1/cmtt/m/n/12 s2boa.ingestions.ingestion_
 []


LaTeX Warning: Reference `s2boa.ingestions:module-s2boa.ingestions.ingestion_dam.ingestion_dam' on page 67 undefined on input line 1084.


Underfull \hbox (badness 10000) in paragraph at lines 1084--1085
[]\T1/cmtt/m/n/12 s2boa.ingestions.ingestion_
 []


LaTeX Warning: Reference `s2boa.ingestions:module-s2boa.ingestions.ingestion_dfep_acquisition.ingestion_dfep_acquisition' on page 67 undefined on input line 1085.


Underfull \hbox (badness 10000) in paragraph at lines 1085--1086
[]\T1/cmtt/m/n/12 s2boa.ingestions.ingestion_ dfep_
 []


Underfull \hbox (badness 10000) in paragraph at lines 1085--1086
\T1/cmtt/m/n/12 acquisition.ingestion_ dfep_
 []


LaTeX Warning: Reference `s2boa.ingestions:module-s2boa.ingestions.ingestion_dfep_schedule.ingestion_dfep_schedule' on page 67 undefined on input line 1086.


Underfull \hbox (badness 10000) in paragraph at lines 1086--1087
[]\T1/cmtt/m/n/12 s2boa.ingestions.ingestion_ dfep_
 []


Underfull \hbox (badness 10000) in paragraph at lines 1086--1087
\T1/cmtt/m/n/12 schedule.ingestion_ dfep_
 []


LaTeX Warning: Reference `s2boa.ingestions:module-s2boa.ingestions.ingestion_dhus.ingestion_dhus' on page 67 undefined on input line 1087.


Underfull \hbox (badness 10000) in paragraph at lines 1087--1088
[]\T1/cmtt/m/n/12 s2boa.ingestions.ingestion_
 []


LaTeX Warning: Reference `s2boa.ingestions:module-s2boa.ingestions.ingestion_dpc.ingestion_dpc' on page 67 undefined on input line 1088.


Underfull \hbox (badness 10000) in paragraph at lines 1088--1089
[]\T1/cmtt/m/n/12 s2boa.ingestions.ingestion_
 []


LaTeX Warning: Reference `s2boa.ingestions:module-s2boa.ingestions.ingestion_edrs_acquisition.ingestion_edrs_acquisition' on page 67 undefined on input line 1089.


Underfull \hbox (badness 10000) in paragraph at lines 1089--1090
[]\T1/cmtt/m/n/12 s2boa.ingestions.ingestion_ edrs_
 []


Underfull \hbox (badness 10000) in paragraph at lines 1089--1090
\T1/cmtt/m/n/12 acquisition.ingestion_ edrs_
 []


LaTeX Warning: Reference `s2boa.ingestions:module-s2boa.ingestions.ingestion_lta.ingestion_lta' on page 67 undefined on input line 1090.


Underfull \hbox (badness 10000) in paragraph at lines 1090--1091
[]\T1/cmtt/m/n/12 s2boa.ingestions.ingestion_
 []


LaTeX Warning: Reference `s2boa.ingestions:module-s2boa.ingestions.ingestion_ltas.ingestion_ltas' on page 67 undefined on input line 1091.


Underfull \hbox (badness 10000) in paragraph at lines 1091--1092
[]\T1/cmtt/m/n/12 s2boa.ingestions.ingestion_
 []


LaTeX Warning: Reference `s2boa.ingestions:module-s2boa.ingestions.ingestion_nppf.ingestion_nppf' on page 67 undefined on input line 1092.


Underfull \hbox (badness 10000) in paragraph at lines 1092--1093
[]\T1/cmtt/m/n/12 s2boa.ingestions.ingestion_
 []


LaTeX Warning: Reference `s2boa.ingestions:module-s2boa.ingestions.ingestion_orbpre.ingestion_orbpre' on page 67 undefined on input line 1093.


Underfull \hbox (badness 10000) in paragraph at lines 1093--1094
[]\T1/cmtt/m/n/12 s2boa.ingestions.ingestion_
 []


LaTeX Warning: Reference `s2boa.ingestions:module-s2boa.ingestions.ingestion_rep_arc.ingestion_rep_arc' on page 67 undefined on input line 1094.


Underfull \hbox (badness 10000) in paragraph at lines 1094--1095
[]\T1/cmtt/m/n/12 s2boa.ingestions.ingestion_ rep_
 []


LaTeX Warning: Reference `s2boa.ingestions:module-s2boa.ingestions.ingestion_slot_request_edrs.ingestion_slot_request_edrs' on page 67 undefined on input line 1095.


Underfull \hbox (badness 10000) in paragraph at lines 1095--1096
[]\T1/cmtt/m/n/12 s2boa.ingestions.ingestion_ slot_
 []


Underfull \hbox (badness 10000) in paragraph at lines 1095--1096
\T1/cmtt/m/n/12 request_ edrs.ingestion_ slot_
 []


LaTeX Warning: Reference `s2boa.ingestions:module-s2boa.ingestions.ingestion_station_acquisition_report.ingestion_station_acquisition_report' on page 67 undefined on input line 1096.


Underfull \hbox (badness 10000) in paragraph at lines 1096--1097
[]\T1/cmtt/m/n/12 s2boa.ingestions.ingestion_ station_
 []


Underfull \hbox (badness 10000) in paragraph at lines 1096--1097
\T1/cmtt/m/n/12 acquisition_ report.ingestion_
 []


LaTeX Warning: Reference `s2boa.ingestions:module-s2boa.ingestions.ingestion_station_schedule.ingestion_station_schedule' on page 67 undefined on input line 1097.


Underfull \hbox (badness 10000) in paragraph at lines 1097--1098
[]\T1/cmtt/m/n/12 s2boa.ingestions.ingestion_ station_
 []


Underfull \hbox (badness 10000) in paragraph at lines 1097--1098
\T1/cmtt/m/n/12 schedule.ingestion_ station_
 []


LaTeX Warning: Reference `s2boa.ingestions:module-s2boa.ingestions.xpath_functions' on page 67 undefined on input line 1098.

[67


]
No file doc.ind.
) (./s2vboa_code_documentation.tex [68


]
Chapter 5.

Underfull \hbox (badness 10000) in paragraph at lines 27--27
[]\T1/cmr/m/it/12 start_ fil-ter=None\T1/cmr/m/n/12 ,
 []


Underfull \hbox (badness 10000) in paragraph at lines 27--27
\T1/cmr/m/it/12 stop_ fil-ter=None\T1/cmr/m/n/12 ,
 []


Underfull \hbox (badness 10000) in paragraph at lines 27--27
\T1/cmr/m/it/12 mis-sion=None\T1/cmr/m/n/12 ,
 []


Underfull \hbox (badness 10000) in paragraph at lines 27--27
\T1/cmr/m/it/12 show=None\T1/cmr/m/n/12 , \T1/cmr/m/it/12 slid-
 []


Underfull \hbox (badness 10000) in paragraph at lines 27--27
\T1/cmr/m/it/12 ing_ win-dow=None\T1/cmr/m/n/12 ,
 []


Underfull \hbox (badness 10000) in paragraph at lines 27--27
\T1/cmr/m/it/12 fil-ters=None\T1/cmr/m/n/12 ,
 []


Underfull \hbox (badness 10000) in paragraph at lines 27--27
\T1/cmr/m/it/12 cor-rected_
 []


Underfull \hbox (badness 10000) in paragraph at lines 27--27
\T1/cmr/m/it/12 planned_ play-back_
 []


Underfull \hbox (badness 10000) in paragraph at lines 33--33
[]\T1/cmr/m/it/12 start_ fil-ter=None\T1/cmr/m/n/12 ,
 []


Underfull \hbox (badness 10000) in paragraph at lines 33--33
\T1/cmr/m/it/12 stop_ fil-ter=None\T1/cmr/m/n/12 ,
 []


Underfull \hbox (badness 10000) in paragraph at lines 33--33
\T1/cmr/m/it/12 mis-sion=None\T1/cmr/m/n/12 , \T1/cmr/m/it/12 fil-
 []


Underfull \hbox (badness 10000) in paragraph at lines 33--33
\T1/cmr/m/it/12 ters=None\T1/cmr/m/n/12 , \T1/cmr/m/it/12 cor-rected_
 []


Underfull \hbox (badness 10000) in paragraph at lines 33--33
\T1/cmr/m/it/12 planned_ play-back_
 []

./s2vboa_code_documentation.tex:42: Undefined control sequence.
l.42 ...isition view for the Sentinel\sphinxhyphen
                                                  {}2 mission using pages.
The control sequence at the end of the top line
of your error message was never \def'ed. If you have
misspelled it (e.g., `\hobx'), type `I' and the correct
spelling (e.g., `I\hbox'). Otherwise just continue,
and I'll forget about whatever was undefined.

./s2vboa_code_documentation.tex:50: Undefined control sequence.
l.50 ...isition view for the Sentinel\sphinxhyphen
                                                  {}2 mission.
The control sequence at the end of the top line
of your error message was never \def'ed. If you have
misspelled it (e.g., `\hobx'), type `I' and the correct
spelling (e.g., `I\hbox'). Otherwise just continue,
and I'll forget about whatever was undefined.

[69]
./s2vboa_code_documentation.tex:58: Undefined control sequence.
l.58 ...sliding view for the Sentinel\sphinxhyphen
                                                  {}2 mission.
The control sequence at the end of the top line
of your error message was never \def'ed. If you have
misspelled it (e.g., `\hobx'), type `I' and the correct
spelling (e.g., `I\hbox'). Otherwise just continue,
and I'll forget about whatever was undefined.

./s2vboa_code_documentation.tex:66: Undefined control sequence.
l.66 ...sliding view for the Sentinel\sphinxhyphen
                                                  {}2 mission.
The control sequence at the end of the top line
of your error message was never \def'ed. If you have
misspelled it (e.g., `\hobx'), type `I' and the correct
spelling (e.g., `I\hbox'). Otherwise just continue,
and I'll forget about whatever was undefined.


Underfull \hbox (badness 10000) in paragraph at lines 73--73
[]\T1/cmr/m/it/12 corrected_ planned_
 []

./s2vboa_code_documentation.tex:74: Undefined control sequence.
l.74 ...yback related to the Sentinel\sphinxhyphen
                                                  {}2 mission.
The control sequence at the end of the top line
of your error message was never \def'ed. If you have
misspelled it (e.g., `\hobx'), type `I' and the correct
spelling (e.g., `I\hbox'). Otherwise just continue,
and I'll forget about whatever was undefined.


Underfull \hbox (badness 10000) in paragraph at lines 96--96
\T1/cmr/m/it/12 show=None\T1/cmr/m/n/12 , \T1/cmr/m/it/12 slid-ing_ win-
 []


Underfull \hbox (badness 10000) in paragraph at lines 102--102
[]\T1/cmr/m/it/12 start_ fil-ter=None\T1/cmr/m/n/12 , \T1/cmr/m/it/12 stop_ fil-
 []


Underfull \hbox (badness 10000) in paragraph at lines 102--102
\T1/cmr/m/it/12 ter=None\T1/cmr/m/n/12 , \T1/cmr/m/it/12 mis-sion=None\T1/cmr/m/n/12 ,
 []

./s2vboa_code_documentation.tex:111: Undefined control sequence.
l.111 Planning view for the Sentinel\sphinxhyphen
                                                 {}2 mission using pages.
The control sequence at the end of the top line
of your error message was never \def'ed. If you have
misspelled it (e.g., `\hobx'), type `I' and the correct
spelling (e.g., `I\hbox'). Otherwise just continue,
and I'll forget about whatever was undefined.

./s2vboa_code_documentation.tex:119: Undefined control sequence.
l.119 Planning view for the Sentinel\sphinxhyphen
                                                 {}2 mission.
The control sequence at the end of the top line
of your error message was never \def'ed. If you have
misspelled it (e.g., `\hobx'), type `I' and the correct
spelling (e.g., `I\hbox'). Otherwise just continue,
and I'll forget about whatever was undefined.

./s2vboa_code_documentation.tex:127: Undefined control sequence.
l.127 Planning view for the Sentinel\sphinxhyphen
                                                 {}2 mission.
The control sequence at the end of the top line
of your error message was never \def'ed. If you have
misspelled it (e.g., `\hobx'), type `I' and the correct
spelling (e.g., `I\hbox'). Otherwise just continue,
and I'll forget about whatever was undefined.

./s2vboa_code_documentation.tex:135: Undefined control sequence.
l.135 Planning view for the Sentinel\sphinxhyphen
                                                 {}2 mission.
The control sequence at the end of the top line
of your error message was never \def'ed. If you have
misspelled it (e.g., `\hobx'), type `I' and the correct
spelling (e.g., `I\hbox'). Otherwise just continue,
and I'll forget about whatever was undefined.


Underfull \hbox (badness 8075) in paragraph at lines 157--157
[]\T1/cmr/m/it/12 query\T1/cmr/m/n/12 , \T1/cmr/m/it/12 cur-rent_ app\T1/cmr/m/n/12 , \T1/cmr/m/it/12 start_ fil-
 []


Underfull \hbox (badness 10000) in paragraph at lines 157--157
\T1/cmr/m/it/12 ter=None\T1/cmr/m/n/12 , \T1/cmr/m/it/12 stop_ fil-ter=None\T1/cmr/m/n/12 ,
 []


Underfull \hbox (badness 10000) in paragraph at lines 157--157
\T1/cmr/m/it/12 mis-sion=None\T1/cmr/m/n/12 , \T1/cmr/m/it/12 limit=None\T1/cmr/m/n/12 ,
 []

[70]) [71] [72

]
No file doc.acr.
[73

]
Package atveryend Info: Empty hook `BeforeClearDocument' on input line 178.
Package atveryend Info: Empty hook `AfterLastShipout' on input line 178.
 (/home/s2boa/workspace/s2boa/doc/tex/build/doc.aux)
Package atveryend Info: Executing hook `AtVeryEndDocument' on input line 178.
Package atveryend Info: Executing hook `AtEndAfterFileList' on input line 178.


Package rerunfilecheck Warning: File `doc.out' has changed.
(rerunfilecheck)                Rerun to get outlines right
(rerunfilecheck)                or use package `bookmark'.

Package rerunfilecheck Info: Checksums for `doc.out':
(rerunfilecheck)             Before: <no file>
(rerunfilecheck)             After:  EB692905A09FFB68890F7DA460F32BA0;13960.

LaTeX Warning: There were undefined references.


LaTeX Warning: Label(s) may have changed. Rerun to get cross-references right.

 ) 
Here is how much of TeX's memory you used:
 20800 strings out of 481239
 317868 string characters out of 5920376
 717709 words of memory out of 5000000
 35368 multiletter control sequences out of 15000+600000
 549781 words of font info for 56 fonts, out of 8000000 for 9000
 1142 hyphenation exceptions out of 8191
 51i,12n,91p,1228b,651s stack positions out of 5000i,500n,10000p,200000b,80000s
pdfTeX warning (dest): name{glo:efep} has been referenced but does not exist, replaced by a fixed one

pdfTeX warning (dest): name{glo:msi} has been referenced but does not exist, replaced by a fixed one

pdfTeX warning (dest): name{glo:vcid} has been referenced but does not exist, replaced by a fixed one

pdfTeX warning (dest): name{glo:isp} has been referenced but does not exist, replaced by a fixed one

pdfTeX warning (dest): name{glo:anx} has been referenced but does not exist, replaced by a fixed one

pdfTeX warning (dest): name{glo:s2mp} has been referenced but does not exist, replaced by a fixed one

pdfTeX warning (dest): name{glo:dim} has been referenced but does not exist, replaced by a fixed one

pdfTeX warning (dest): name{glo:dhus} has been referenced but does not exist, replaced by a fixed one

pdfTeX warning (dest): name{glo:hktm} has been referenced but does not exist, replaced by a fixed one

pdfTeX warning (dest): name{glo:tle} has been referenced but does not exist, replaced by a fixed one

pdfTeX warning (dest): name{glo:fos} has been referenced but does not exist, replaced by a fixed one

pdfTeX warning (dest): name{glo:pdgs} has been referenced but does not exist, replaced by a fixed one

pdfTeX warning (dest): name{glo:eisp} has been referenced but does not exist, replaced by a fixed one

pdfTeX warning (dest): name{glo:edrs} has been referenced but does not exist, replaced by a fixed one

pdfTeX warning (dest): name{glo:dfep} has been referenced but does not exist, replaced by a fixed one

pdfTeX warning (dest): name{glo:s2} has been referenced but does not exist, replaced by a fixed one

pdfTeX warning (dest): name{glo:boa} has been referenced but does not exist, replaced by a fixed one

{/usr/share/texmf/fonts/enc/dvips/cm-super/cm-super-t1.enc}{/usr/share/texmf/fonts/enc/dvips/cm-super/cm-super-ts1.enc}</usr/share/texlive/texmf-dist/fonts/type1/public/amsfonts/cm/cmmi12.pfb></usr/share/texlive/texmf-dist/fonts/type1/public/amsfonts/cm/cmr12.pfb></usr/share/texlive/texmf-dist/fonts/type1/public/amsfonts/cm/cmr8.pfb></usr/share/texlive/texmf-dist/fonts/type1/public/amsfonts/cm/cmsy10.pfb></usr/share/texmf/fonts/type1/public/cm-super/sfbx1200.pfb></usr/share/texmf/fonts/type1/public/cm-super/sfbx1728.pfb></usr/share/texmf/fonts/type1/public/cm-super/sfbx2074.pfb></usr/share/texmf/fonts/type1/public/cm-super/sfbx2488.pfb></usr/share/texmf/fonts/type1/public/cm-super/sfit1200.pfb></usr/share/texmf/fonts/type1/public/cm-super/sfrm1200.pfb></usr/share/texmf/fonts/type1/public/cm-super/sfrm1440.pfb></usr/share/texmf/fonts/type1/public/cm-super/sfrm1728.pfb></usr/share/texmf/fonts/type1/public/cm-super/sfrm2074.pfb></usr/share/texmf/fonts/type1/public/cm-super/sfsl1200.pfb></usr/share/texmf/fonts/type1/public/cm-super/sfsx1200.pfb></usr/share/texmf/fonts/type1/public/cm-super/sfsx1440.pfb></usr/share/texmf/fonts/type1/public/cm-super/sfsx1728.pfb></usr/share/texmf/fonts/type1/public/cm-super/sfti1200.pfb></usr/share/texmf/fonts/type1/public/cm-super/sftt1200.pfb>
Output written on /home/s2boa/workspace/s2boa/doc/tex/build/doc.pdf (83 pages, 1006344 bytes).
PDF statistics:
 795 PDF objects out of 1000 (max. 8388607)
 659 compressed objects within 7 object streams
 242 named destinations out of 1000 (max. 500000)
 66 words of extra memory for PDF output out of 10000 (max. 10000000)

